{"email":"rahuladhikari2034@gmail.com","level":"info","message":"Registering user","service":"user-service"}
{"email":"rahuladhikari2034@gmail.com","level":"info","message":"Registering user","service":"user-service"}
{"email":"rahuladhikari2034@gmail.com","level":"error","message":"User already exists","service":"user-service"}
{"error":{},"level":"error","message":"Error registering user","service":"user-service"}
{"email":"rahuladhikari2034@gmail.com","level":"info","message":"Registering user","service":"user-service"}
{"email":"rahuladhikari2034@gmail.com","level":"error","message":"User already exists","service":"user-service"}
{"email":"rahuladhikari2034@gmail.com","level":"info","message":"Registering user","service":"user-service"}
{"email":"rahuladhikari2034@gmail.com","level":"error","message":"User already exists","service":"user-service"}
{"email":"rahuladhikari2034@gmail.com","level":"info","message":"Registering user","service":"user-service"}
{"email":"rahuladhikari2034@gmail.com","level":"error","message":"User already exists","service":"user-service"}
{"email":"rahuladhikari2034@gmail.com","level":"info","message":"Authenticating user","service":"user-service"}
{"error":{"code":40352,"codeName":"Location40352","errorLabelSet":{},"errorResponse":{"code":40352,"codeName":"Location40352","errmsg":"FieldPath cannot be constructed with empty string","ok":0},"ok":0},"level":"error","message":"Error authenticating user","service":"user-service"}
{"email":"rahuladhikari2034@gmail.com","level":"info","message":"Authenticating user","service":"user-service"}
{"error":{"code":40352,"codeName":"Location40352","errorLabelSet":{},"errorResponse":{"code":40352,"codeName":"Location40352","errmsg":"FieldPath cannot be constructed with empty string","ok":0},"ok":0},"level":"error","message":"Error authenticating user","service":"user-service"}
{"email":"rahuladhikari2034@gmail.com","level":"info","message":"Authenticating user","service":"user-service"}
{"error":{"code":40352,"codeName":"Location40352","errorLabelSet":{},"errorResponse":{"code":40352,"codeName":"Location40352","errmsg":"FieldPath cannot be constructed with empty string","ok":0},"ok":0},"level":"error","message":"Error authenticating user","service":"user-service"}
{"email":"rahuladhikari2034@gmail.com","level":"info","message":"Authenticating user","service":"user-service"}
{"email":"rahuladhikari2034@gmail.com","level":"info","message":"Authenticating user","service":"user-service"}
{"email":"rahuladhikari2034@gmail.com","level":"info","message":"Authenticating user","service":"user-service"}
{"email":"rahuladhikari2034@gmail.com","level":"info","message":"Authenticating user","service":"user-service"}
{"email":"rahuladhikari2034@gmail.com","level":"info","message":"Authenticating user","service":"user-service"}
{"error":{},"level":"error","message":"Error authenticating user","service":"user-service"}
{"email":"rahuladhikari2034@gmail.com","level":"info","message":"Authenticating user","service":"user-service"}
{"error":{},"level":"error","message":"Error authenticating user","service":"user-service"}
{"email":"rahuladhikari2034@gmail.com","level":"info","message":"Authenticating user","service":"user-service"}
{"error":{},"level":"error","message":"Error authenticating user","service":"user-service"}
{"email":"rahuladhikari2034@gmail.comm","level":"info","message":"Authenticating user","service":"user-service"}
{"email":"rahuladhikari2034@gmail.comm","level":"error","message":"User not found","service":"user-service"}
{"error":{"statusCode":404},"level":"error","message":"Error authenticating user","service":"user-service"}
{"email":"rahuladhikari2034@gmail.com","level":"info","message":"Authenticating user","service":"user-service"}
{"email":"rahuladhikari2034@gmail.comm","level":"info","message":"Authenticating user","service":"user-service"}
{"email":"rahuladhikari2034@gmail.comm","level":"error","message":"User not found","service":"user-service"}
{"email":"rahuladhikari2034@gmail.comm","level":"info","message":"Authenticating user","service":"user-service"}
{"email":"rahuladhikari2034@gmail.comm","level":"error","message":"User not found","service":"user-service"}
{"error":{"statusCode":404},"level":"error","message":"Error authenticating user","service":"user-service"}
{"email":"rahuladhikari2034@gmail.comm","level":"info","message":"Authenticating user","service":"user-service"}
{"email":"rahuladhikari2034@gmail.comm","level":"error","message":"User not found","service":"user-service"}
{"error":{"statusCode":404},"level":"error","message":"Error authenticating user","service":"user-service"}
{"email":"rahuladhikari2034@gmail.comm","level":"info","message":"Authenticating user","service":"user-service"}
{"email":"rahuladhikari2034@gmail.comm","level":"error","message":"User not found","service":"user-service"}
{"error":{"statusCode":404},"level":"error","message":"Error authenticating user","service":"user-service"}
{"email":"rahuladhikari2034@gmail.com","level":"info","message":"Authenticating user","service":"user-service"}
{"error":{},"level":"error","message":"Error authenticating user","service":"user-service"}
{"email":"rahuladhikari2034@gmail.com","level":"info","message":"Authenticating user","service":"user-service"}
{"error":{},"level":"error","message":"Error authenticating user","service":"user-service"}
{"email":"rahuladhikari2034@gmail.com","level":"info","message":"Authenticating user","service":"user-service"}
{"error":{},"level":"error","message":"Error authenticating user","service":"user-service"}
{"email":"rahuladhikari2034@gmail.com","level":"info","message":"Authenticating user","service":"user-service"}
{"error":{},"level":"error","message":"Error authenticating user","service":"user-service"}
{"email":"rahuladhikari2034@gmail.com","level":"info","message":"Authenticating user","service":"user-service"}
{"error":{},"level":"error","message":"Error authenticating user","service":"user-service"}
{"email":"rahuladhikari2034@gmail.com","level":"info","message":"Authenticating user","service":"user-service"}
{"error":{},"level":"error","message":"Error authenticating user","service":"user-service"}
{"email":"rahuladhikari2034@gmail.com","level":"info","message":"Authenticating user","service":"user-service"}
{"error":{},"level":"error","message":"Error authenticating user","service":"user-service"}
{"email":"rahuladhikari2034@gmail.com","level":"info","message":"Authenticating user","service":"user-service"}
{"email":"rahuladhikari2034@gmail.com","level":"error","message":"Invalid password","service":"user-service"}
{"error":{"statusCode":401},"level":"error","message":"Error authenticating user","service":"user-service"}
{"email":"rahuladhikari2034@gmail.com","level":"info","message":"Registering user","service":"user-service"}
{"email":"rahuladhikari2034@gmail.com","level":"error","message":"User already exists","service":"user-service"}
{"error":{"statusCode":409},"level":"error","message":"Error registering user","service":"user-service"}
{"email":"rahuladhikari2034@gmail.com","level":"info","message":"Authenticating user","service":"user-service"}
{"email":"rahuladhikari2034@gmail.com","level":"error","message":"Invalid password","service":"user-service"}
{"error":{"statusCode":401},"level":"error","message":"Error authenticating user","service":"user-service"}
{"email":"rahuladhikari2034@gmail.com","level":"info","message":"Authenticating user","service":"user-service"}
{"email":"rahuladhikari2034@gmail.com","level":"error","message":"Invalid password","service":"user-service"}
{"error":{"statusCode":401},"level":"error","message":"Error authenticating user","service":"user-service"}
{"email":"rahuladhikari2034@gmail.com","level":"info","message":"Registering user","service":"user-service"}
{"email":"rahuladhikari2034@gmail.com","level":"error","message":"User already exists","service":"user-service"}
{"error":{"statusCode":409},"level":"error","message":"Error registering user","service":"user-service"}
{"email":"rahuladhikari2034@gmail.com","level":"info","message":"Registering user","service":"user-service"}
{"email":"rahuladhikari2034@gmail.com","level":"error","message":"User already exists","service":"user-service"}
{"error":{"statusCode":409},"level":"error","message":"Error registering user","service":"user-service"}
{"email":"rahuladhikari2034@gmail.com","level":"info","message":"Registering user","service":"user-service"}
{"email":"rahuladhikari2034@gmail.com","level":"info","message":"Authenticating user","service":"user-service"}
{"email":"rahuladhikari2034@gmail.com","level":"info","message":"Authenticating user","service":"user-service"}
{"email":"rahuladhikari2034@gmail.com","level":"error","message":"Invalid password","service":"user-service"}
{"error":{"statusCode":401},"level":"error","message":"Error authenticating user","service":"user-service"}
{"email":"rahuladhikari2034@gmail.comm","level":"info","message":"Authenticating user","service":"user-service"}
{"email":"rahuladhikari2034@gmail.comm","level":"error","message":"User not found","service":"user-service"}
{"error":{"statusCode":404},"level":"error","message":"Error authenticating user","service":"user-service"}
{"email":"rahuladhikari2034@gmail.com","level":"info","message":"Registering user","service":"user-service"}
{"email":"rahuladhikari2034@gmail.com","level":"error","message":"User already exists","service":"user-service"}
{"error":{"statusCode":409},"level":"error","message":"Error registering user","service":"user-service"}
{"email":"rahuladhikari2035@gmail.com","level":"info","message":"Registering user","service":"user-service"}
{"email":"rahuladhikari2035@gmail.com","level":"info","message":"Registering user","service":"user-service"}
{"level":"error","message":"Username cannot contain spaces","service":"user-service","userName":"rahul adhikari"}
{"error":{"statusCode":400},"level":"error","message":"Error registering user","service":"user-service"}
{"email":"rahuladhikari2035@gmail.com","level":"info","message":"Registering user","service":"user-service"}
{"level":"error","message":"Username can only contain letters, numbers, and underscores","service":"user-service","userName":"rahul adhikari"}
{"error":{"statusCode":400},"level":"error","message":"Error registering user","service":"user-service"}
{"email":"rahuladhikari2035@gmail.com","level":"info","message":"Registering user","service":"user-service"}
{"email":"rahuladhikari2035@gmail.com","level":"error","message":"User already exists","service":"user-service"}
{"error":{"statusCode":409},"level":"error","message":"Error registering user","service":"user-service"}
{"email":"rahuladhikari2034@gmail.com","level":"info","message":"Authenticating user","service":"user-service"}
{"email":"rahuladhikari2035@gmail.com","level":"info","message":"Registering user","service":"user-service"}
{"email":"rahuladhikari2035@gmail.com","level":"error","message":"User already exists","service":"user-service"}
{"error":{"statusCode":409},"level":"error","message":"Error registering user","service":"user-service"}
{"email":"rahuladhikari2034@gmail.com","level":"info","message":"Authenticating user","service":"user-service"}
{"level":"info","message":"User authenticated","service":"user-service","userId":"69c76552058dd75fb2ab276b"}
{"level":"info","message":"User authenticated","service":"user-service","userId":"69c76552058dd75fb2ab276b"}
{"level":"info","message":"User authenticated","service":"user-service","userId":"69c76552058dd75fb2ab276b"}
{"level":"info","message":"User authenticated","service":"user-service","userId":"69c76552058dd75fb2ab276b"}
{"level":"info","message":"User authenticated","service":"user-service","userId":"69c76552058dd75fb2ab276b"}
{"level":"info","message":"User authenticated","service":"user-service","userId":"69c76552058dd75fb2ab276b"}
{"level":"info","message":"Saving favorite","realEstateId":"69c7f73c1d7858debc5b2ca4","service":"user-service","userId":"69c76552058dd75fb2ab276b"}
{"favoriteId":"69c7fa68a179d8cee8c7bc9d","level":"info","message":"Favorite saved successfully","service":"user-service"}
{"isFavorite":true,"level":"info","message":"Toggling favorite","realEstateId":"69c7f73c1d7858debc5b2ca4","service":"user-service","userId":"69c76552058dd75fb2ab276b"}
{"favoriteId":"69c7fc18e4b6e2ec172556d4","level":"info","message":"Favorite saved successfully","service":"user-service"}
{"isFavorite":true,"level":"info","message":"Toggling favorite","realEstateId":"69c7f73c1d7858debc5b2ca4","service":"user-service","userId":"69c76552058dd75fb2ab276b"}
{"favoriteId":"69c7fc18e4b6e2ec172556d4","level":"info","message":"Favorite already exists","service":"user-service"}
{"error":{"statusCode":409},"level":"error","message":"Error saving favorite","service":"user-service"}
{"isFavorite":false,"level":"info","message":"Toggling favorite","realEstateId":"69c7f73c1d7858debc5b2ca4","service":"user-service","userId":"69c76552058dd75fb2ab276b"}
{"favoriteId":null,"level":"info","message":"Favorite saved successfully","service":"user-service"}
{"isFavorite":false,"level":"info","message":"Toggling favorite","realEstateId":"69c7f73c1d7858debc5b2ca4","service":"user-service","userId":"69c76552058dd75fb2ab276b"}
{"favoriteId":"69c7fa68a179d8cee8c7bc9d","level":"info","message":"Favorite already exists","service":"user-service"}
{"error":{"statusCode":409},"level":"error","message":"Error saving favorite","service":"user-service"}
{"isFavorite":true,"level":"info","message":"Toggling favorite","realEstateId":"69c7f73c1d7858debc5b2ca4","service":"user-service","userId":"69c76552058dd75fb2ab276b"}
{"favoriteId":null,"level":"info","message":"Favorite saved successfully","service":"user-service"}
{"level":"info","message":"User authenticated","service":"user-service","userId":"69c76552058dd75fb2ab276b"}
{"isFavorite":true,"level":"info","message":"Toggling favorite","realEstateId":"69c7f73c1d7858debc5b2ca4","service":"user-service","userId":"69c76552058dd75fb2ab276b"}
{"favoriteId":"69c7fa68a179d8cee8c7bc9d","level":"info","message":"Favorite already exists","service":"user-service"}
{"error":{"statusCode":409},"level":"error","message":"Error saving favorite","service":"user-service"}
{"level":"info","message":"User authenticated","service":"user-service","userId":"69c76552058dd75fb2ab276b"}
{"level":"info","message":"User authenticated","service":"user-service","userId":"69c76552058dd75fb2ab276b"}
{"email":"rahuladhikari2035@gmail.com","level":"info","message":"Authenticating user","service":"user-service"}
{"level":"info","message":"User authenticated","service":"user-service","userId":"69c7ee7632a31ca689bcc723"}
{"level":"info","message":"User authenticated","service":"user-service","userId":"69c7ee7632a31ca689bcc723"}
{"level":"info","message":"User authenticated","service":"user-service","userId":"69c7ee7632a31ca689bcc723"}
{"level":"info","message":"User authenticated","service":"user-service","userId":"69c7ee7632a31ca689bcc723"}
{"level":"info","message":"User authenticated","service":"user-service","userId":"69c7ee7632a31ca689bcc723"}
{"email":"rahuladhikari2035@gmail.com","level":"info","message":"Authenticating user","service":"user-service"}
{"level":"info","message":"User authenticated","service":"user-service","userId":"69c7ee7632a31ca689bcc723"}
{"isFavorite":true,"level":"info","message":"Toggling favorite","realEstateId":"69c7f73c1d7858debc5b2ca4","service":"user-service","userId":"69c76552058dd75fb2ab276b"}
{"favoriteId":"69c7fa68a179d8cee8c7bc9d","level":"info","message":"Favorite already exists","service":"user-service"}
{"error":{"statusCode":409},"level":"error","message":"Error saving favorite","service":"user-service"}
{"level":"info","message":"User authenticated","service":"user-service","userId":"69c7ee7632a31ca689bcc723"}
{"isFavorite":true,"level":"info","message":"Toggling favorite","realEstateId":"69c7f73c1d7858debc5b2ca4","service":"user-service","userId":"69c76552058dd75fb2ab276b"}
{"favoriteId":"69c7fa68a179d8cee8c7bc9d","level":"info","message":"Favorite already exists","service":"user-service"}
{"error":{"statusCode":409},"level":"error","message":"Error saving favorite","service":"user-service"}
{"level":"info","message":"User authenticated","service":"user-service","userId":"69c7ee7632a31ca689bcc723"}
{"isFavorite":true,"level":"info","message":"Toggling favorite","realEstateId":"69c7f73c1d7858debc5b2ca4","service":"user-service","userId":"69c76552058dd75fb2ab276b"}
{"favoriteId":"69c7fa68a179d8cee8c7bc9d","level":"info","message":"Favorite already exists","service":"user-service"}
{"error":{"statusCode":409},"level":"error","message":"Error saving favorite","service":"user-service"}
{"level":"info","message":"User authenticated","service":"user-service","userId":"69c7ee7632a31ca689bcc723"}
{"isFavorite":true,"level":"info","message":"Toggling favorite","realEstateId":"69c7f73c1d7858debc5b2ca4","service":"user-service","userId":"69c76552058dd75fb2ab276b"}
{"favoriteId":"69c7fa68a179d8cee8c7bc9d","level":"info","message":"Favorite already exists","service":"user-service"}
{"error":{"statusCode":409},"level":"error","message":"Error saving favorite","service":"user-service"}
{"level":"info","message":"User authenticated","service":"user-service","userId":"69c7ee7632a31ca689bcc723"}
{"isFavorite":true,"level":"info","message":"Toggling favorite","realEstateId":"69c7f73c1d7858debc5b2ca4","service":"user-service","userId":"69c76552058dd75fb2ab276b"}
{"favoriteId":"69c7fa68a179d8cee8c7bc9d","level":"info","message":"Favorite already exists","service":"user-service"}
{"error":{"statusCode":409},"level":"error","message":"Error saving favorite","service":"user-service"}
{"level":"info","message":"User authenticated","service":"user-service","userId":"69c7ee7632a31ca689bcc723"}
{"isFavorite":true,"level":"info","message":"Toggling favorite","realEstateId":"69c7f73c1d7858debc5b2ca4","service":"user-service","userId":"69c76552058dd75fb2ab276b"}
{"favoriteId":"69c7fa68a179d8cee8c7bc9d","level":"info","message":"Favorite already exists","service":"user-service"}
{"error":{"statusCode":409},"level":"error","message":"Error saving favorite","service":"user-service"}
{"level":"info","message":"User authenticated","service":"user-service","userId":"69c7ee7632a31ca689bcc723"}
{"level":"info","message":"User authenticated","service":"user-service","userId":"69c7ee7632a31ca689bcc723"}
{"level":"info","message":"User authenticated","service":"user-service","userId":"69c7ee7632a31ca689bcc723"}
{"level":"info","message":"User authenticated","service":"user-service","userId":"69c7ee7632a31ca689bcc723"}
{"level":"info","message":"User authenticated","service":"user-service","userId":"69c7ee7632a31ca689bcc723"}
{"isFavorite":true,"level":"info","message":"Toggling favorite","realEstateId":"69c7f73c1d7858debc5b2ca4","service":"user-service","userId":"69c76552058dd75fb2ab276b"}
{"favoriteId":"69c7fa68a179d8cee8c7bc9d","level":"info","message":"Favorite already exists","service":"user-service"}
{"error":{"statusCode":409},"level":"error","message":"Error saving favorite","service":"user-service"}
{"level":"info","message":"User authenticated","service":"user-service","userId":"69c7ee7632a31ca689bcc723"}
{"level":"info","message":"User authenticated","service":"user-service","userId":"69c7ee7632a31ca689bcc723"}
{"level":"info","message":"User authenticated","service":"user-service","userId":"69c7ee7632a31ca689bcc723"}
{"email":"rahuladhikari2035@gmail.com","level":"info","message":"Authenticating user","service":"user-service"}
{"email":"rahuladhikari2035@gmail.com","level":"info","message":"Authenticating user","service":"user-service"}
{"email":"rahuladhikari2035@gmail.com","level":"info","message":"Authenticating user","service":"user-service"}
{"email":"rahuladhikari2035@gmail.com","level":"info","message":"Authenticating user","service":"user-service"}
{"email":"rahul@example.com","level":"info","message":"Registering user","service":"user-service"}
{"email":"rahul1@example.com","level":"info","message":"Registering user","service":"user-service"}
{"email":"rahul1@example.com","level":"info","message":"Registering user","service":"user-service"}
{"email":"rahul1@example.com","level":"error","message":"User already exists","service":"user-service"}
{"error":{"statusCode":409},"level":"error","message":"Error registering user","service":"user-service"}
{"email":"rahul1@example.com","level":"info","message":"Registering user","service":"user-service"}
{"level":"info","message":"User authenticated","service":"user-service","userId":"69c7ee7632a31ca689bcc723"}
{"level":"info","message":"User authenticated","service":"user-service","userId":"69c7ee7632a31ca689bcc723"}
{"level":"info","message":"User authenticated","service":"user-service","userId":"69c7ee7632a31ca689bcc723"}
{"level":"info","message":"User authenticated","service":"user-service","userId":"69c7ee7632a31ca689bcc723"}
{"email":"rahul1@example.com","level":"info","message":"Registering user","service":"user-service"}
{"email":"rahul1@example.com","level":"error","message":"User already exists","service":"user-service"}
{"error":{"statusCode":409},"level":"error","message":"Error registering user","service":"user-service"}
{"level":"warn","message":"No token provided","service":"user-service"}
{"level":"error","message":"Invalid token Unauthorized","service":"user-service","stack":"Error: Unauthorized\n    at AppError.unauthorized (C:\\Users\\rahul\\Desktop\\Techkraft\\server\\src\\utils\\error.helper.ts:13:12)\n    at authMiddleware (C:\\Users\\rahul\\Desktop\\Techkraft\\server\\src\\middleware\\auth.middleware.ts:20:22)\n    at Layer.handleRequest (C:\\Users\\rahul\\Desktop\\Techkraft\\server\\node_modules\\router\\lib\\layer.js:152:17)\n    at next (C:\\Users\\rahul\\Desktop\\Techkraft\\server\\node_modules\\router\\lib\\route.js:157:13)\n    at Route.dispatch (C:\\Users\\rahul\\Desktop\\Techkraft\\server\\node_modules\\router\\lib\\route.js:117:3)\n    at handle (C:\\Users\\rahul\\Desktop\\Techkraft\\server\\node_modules\\router\\index.js:435:11)\n    at Layer.handleRequest (C:\\Users\\rahul\\Desktop\\Techkraft\\server\\node_modules\\router\\lib\\layer.js:152:17)\n    at C:\\Users\\rahul\\Desktop\\Techkraft\\server\\node_modules\\router\\index.js:295:15\n    at processParams (C:\\Users\\rahul\\Desktop\\Techkraft\\server\\node_modules\\router\\index.js:582:12)\n    at next (C:\\Users\\rahul\\Desktop\\Techkraft\\server\\node_modules\\router\\index.js:291:5)","statusCode":401}
{"email":"rahuladhikari2035@gmail.com","level":"info","message":"Authenticating user","service":"user-service"}
{"level":"warn","message":"No token provided","service":"user-service"}
{"level":"error","message":"Invalid token Unauthorized","service":"user-service","stack":"Error: Unauthorized\n    at AppError.unauthorized (C:\\Users\\rahul\\Desktop\\Techkraft\\server\\src\\utils\\error.helper.ts:13:12)\n    at authMiddleware (C:\\Users\\rahul\\Desktop\\Techkraft\\server\\src\\middleware\\auth.middleware.ts:20:22)\n    at Layer.handleRequest (C:\\Users\\rahul\\Desktop\\Techkraft\\server\\node_modules\\router\\lib\\layer.js:152:17)\n    at next (C:\\Users\\rahul\\Desktop\\Techkraft\\server\\node_modules\\router\\lib\\route.js:157:13)\n    at Route.dispatch (C:\\Users\\rahul\\Desktop\\Techkraft\\server\\node_modules\\router\\lib\\route.js:117:3)\n    at handle (C:\\Users\\rahul\\Desktop\\Techkraft\\server\\node_modules\\router\\index.js:435:11)\n    at Layer.handleRequest (C:\\Users\\rahul\\Desktop\\Techkraft\\server\\node_modules\\router\\lib\\layer.js:152:17)\n    at C:\\Users\\rahul\\Desktop\\Techkraft\\server\\node_modules\\router\\index.js:295:15\n    at processParams (C:\\Users\\rahul\\Desktop\\Techkraft\\server\\node_modules\\router\\index.js:582:12)\n    at next (C:\\Users\\rahul\\Desktop\\Techkraft\\server\\node_modules\\router\\index.js:291:5)","statusCode":401}
{"level":"warn","message":"No token provided","service":"user-service"}
{"level":"error","message":"Invalid token Unauthorized","service":"user-service","stack":"Error: Unauthorized\n    at AppError.unauthorized (C:\\Users\\rahul\\Desktop\\Techkraft\\server\\src\\utils\\error.helper.ts:13:12)\n    at authMiddleware (C:\\Users\\rahul\\Desktop\\Techkraft\\server\\src\\middleware\\auth.middleware.ts:20:22)\n    at Layer.handleRequest (C:\\Users\\rahul\\Desktop\\Techkraft\\server\\node_modules\\router\\lib\\layer.js:152:17)\n    at next (C:\\Users\\rahul\\Desktop\\Techkraft\\server\\node_modules\\router\\lib\\route.js:157:13)\n    at Route.dispatch (C:\\Users\\rahul\\Desktop\\Techkraft\\server\\node_modules\\router\\lib\\route.js:117:3)\n    at handle (C:\\Users\\rahul\\Desktop\\Techkraft\\server\\node_modules\\router\\index.js:435:11)\n    at Layer.handleRequest (C:\\Users\\rahul\\Desktop\\Techkraft\\server\\node_modules\\router\\lib\\layer.js:152:17)\n    at C:\\Users\\rahul\\Desktop\\Techkraft\\server\\node_modules\\router\\index.js:295:15\n    at processParams (C:\\Users\\rahul\\Desktop\\Techkraft\\server\\node_modules\\router\\index.js:582:12)\n    at next (C:\\Users\\rahul\\Desktop\\Techkraft\\server\\node_modules\\router\\index.js:291:5)","statusCode":401}
{"level":"info","message":"User authenticated","service":"user-service","userId":"69c7ee7632a31ca689bcc723"}
{"level":"info","message":"User authenticated","service":"user-service","userId":"69c7ee7632a31ca689bcc723"}
{"level":"info","message":"User authenticated","service":"user-service","userId":"69c7ee7632a31ca689bcc723"}
{"level":"info","message":"User authenticated","service":"user-service","userId":"69c7ee7632a31ca689bcc723"}
{"level":"info","message":"User authenticated","service":"user-service","userId":"69c7ee7632a31ca689bcc723"}
{"level":"info","message":"User authenticated","service":"user-service","userId":"69c7ee7632a31ca689bcc723"}
{"level":"info","message":"User authenticated","service":"user-service","userId":"69c7ee7632a31ca689bcc723"}
{"level":"info","message":"User authenticated","service":"user-service","userId":"69c7ee7632a31ca689bcc723"}
{"level":"info","message":"User authenticated","service":"user-service","userId":"69c7ee7632a31ca689bcc723"}
{"email":"rahuladhikari2035@gmail.com","level":"info","message":"Authenticating user","service":"user-service"}
{"email":"rahul1@example.com","level":"info","message":"Registering user","service":"user-service"}
{"email":"rahul1@example.com","level":"error","message":"User already exists","service":"user-service"}
{"error":{"statusCode":409},"level":"error","message":"Error registering user","service":"user-service"}
{"email":"rahul1@example.com","level":"info","message":"Registering user","service":"user-service"}
{"email":"rahuladhikari2035@gmail.com","level":"info","message":"Authenticating user","service":"user-service"}
{"email":"rahuladhikari2035@gmail.com","level":"info","message":"Authenticating user","service":"user-service"}
