{"email":"rahuladhikari2034@gmail.com","level":"error","message":"User already exists","service":"user-service"}
{"error":{},"level":"error","message":"Error registering user","service":"user-service"}
{"email":"rahuladhikari2034@gmail.com","level":"error","message":"User already exists","service":"user-service"}
{"email":"rahuladhikari2034@gmail.com","level":"error","message":"User already exists","service":"user-service"}
{"email":"rahuladhikari2034@gmail.com","level":"error","message":"User already exists","service":"user-service"}
{"error":{"code":40352,"codeName":"Location40352","errorLabelSet":{},"errorResponse":{"code":40352,"codeName":"Location40352","errmsg":"FieldPath cannot be constructed with empty string","ok":0},"ok":0},"level":"error","message":"Error authenticating user","service":"user-service"}
{"error":{"code":40352,"codeName":"Location40352","errorLabelSet":{},"errorResponse":{"code":40352,"codeName":"Location40352","errmsg":"FieldPath cannot be constructed with empty string","ok":0},"ok":0},"level":"error","message":"Error authenticating user","service":"user-service"}
{"error":{"code":40352,"codeName":"Location40352","errorLabelSet":{},"errorResponse":{"code":40352,"codeName":"Location40352","errmsg":"FieldPath cannot be constructed with empty string","ok":0},"ok":0},"level":"error","message":"Error authenticating user","service":"user-service"}
{"error":{},"level":"error","message":"Error authenticating user","service":"user-service"}
{"error":{},"level":"error","message":"Error authenticating user","service":"user-service"}
{"error":{},"level":"error","message":"Error authenticating user","service":"user-service"}
{"email":"rahuladhikari2034@gmail.comm","level":"error","message":"User not found","service":"user-service"}
{"error":{"statusCode":404},"level":"error","message":"Error authenticating user","service":"user-service"}
{"email":"rahuladhikari2034@gmail.comm","level":"error","message":"User not found","service":"user-service"}
{"email":"rahuladhikari2034@gmail.comm","level":"error","message":"User not found","service":"user-service"}
{"error":{"statusCode":404},"level":"error","message":"Error authenticating user","service":"user-service"}
{"email":"rahuladhikari2034@gmail.comm","level":"error","message":"User not found","service":"user-service"}
{"error":{"statusCode":404},"level":"error","message":"Error authenticating user","service":"user-service"}
{"email":"rahuladhikari2034@gmail.comm","level":"error","message":"User not found","service":"user-service"}
{"error":{"statusCode":404},"level":"error","message":"Error authenticating user","service":"user-service"}
{"error":{},"level":"error","message":"Error authenticating user","service":"user-service"}
{"error":{},"level":"error","message":"Error authenticating user","service":"user-service"}
{"error":{},"level":"error","message":"Error authenticating user","service":"user-service"}
{"error":{},"level":"error","message":"Error authenticating user","service":"user-service"}
{"error":{},"level":"error","message":"Error authenticating user","service":"user-service"}
{"error":{},"level":"error","message":"Error authenticating user","service":"user-service"}
{"error":{},"level":"error","message":"Error authenticating user","service":"user-service"}
{"email":"rahuladhikari2034@gmail.com","level":"error","message":"Invalid password","service":"user-service"}
{"error":{"statusCode":401},"level":"error","message":"Error authenticating user","service":"user-service"}
{"email":"rahuladhikari2034@gmail.com","level":"error","message":"User already exists","service":"user-service"}
{"error":{"statusCode":409},"level":"error","message":"Error registering user","service":"user-service"}
{"email":"rahuladhikari2034@gmail.com","level":"error","message":"Invalid password","service":"user-service"}
{"error":{"statusCode":401},"level":"error","message":"Error authenticating user","service":"user-service"}
{"email":"rahuladhikari2034@gmail.com","level":"error","message":"Invalid password","service":"user-service"}
{"error":{"statusCode":401},"level":"error","message":"Error authenticating user","service":"user-service"}
{"email":"rahuladhikari2034@gmail.com","level":"error","message":"User already exists","service":"user-service"}
{"error":{"statusCode":409},"level":"error","message":"Error registering user","service":"user-service"}
{"email":"rahuladhikari2034@gmail.com","level":"error","message":"User already exists","service":"user-service"}
{"error":{"statusCode":409},"level":"error","message":"Error registering user","service":"user-service"}
{"email":"rahuladhikari2034@gmail.com","level":"error","message":"Invalid password","service":"user-service"}
{"error":{"statusCode":401},"level":"error","message":"Error authenticating user","service":"user-service"}
{"email":"rahuladhikari2034@gmail.comm","level":"error","message":"User not found","service":"user-service"}
{"error":{"statusCode":404},"level":"error","message":"Error authenticating user","service":"user-service"}
{"email":"rahuladhikari2034@gmail.com","level":"error","message":"User already exists","service":"user-service"}
{"error":{"statusCode":409},"level":"error","message":"Error registering user","service":"user-service"}
{"level":"error","message":"Username cannot contain spaces","service":"user-service","userName":"rahul adhikari"}
{"error":{"statusCode":400},"level":"error","message":"Error registering user","service":"user-service"}
{"level":"error","message":"Username can only contain letters, numbers, and underscores","service":"user-service","userName":"rahul adhikari"}
{"error":{"statusCode":400},"level":"error","message":"Error registering user","service":"user-service"}
{"email":"rahuladhikari2035@gmail.com","level":"error","message":"User already exists","service":"user-service"}
{"error":{"statusCode":409},"level":"error","message":"Error registering user","service":"user-service"}
{"email":"rahuladhikari2035@gmail.com","level":"error","message":"User already exists","service":"user-service"}
{"error":{"statusCode":409},"level":"error","message":"Error registering user","service":"user-service"}
{"error":{"statusCode":409},"level":"error","message":"Error saving favorite","service":"user-service"}
{"error":{"statusCode":409},"level":"error","message":"Error saving favorite","service":"user-service"}
{"error":{"statusCode":409},"level":"error","message":"Error saving favorite","service":"user-service"}
{"error":{"statusCode":409},"level":"error","message":"Error saving favorite","service":"user-service"}
{"error":{"statusCode":409},"level":"error","message":"Error saving favorite","service":"user-service"}
{"error":{"statusCode":409},"level":"error","message":"Error saving favorite","service":"user-service"}
{"error":{"statusCode":409},"level":"error","message":"Error saving favorite","service":"user-service"}
{"error":{"statusCode":409},"level":"error","message":"Error saving favorite","service":"user-service"}
{"error":{"statusCode":409},"level":"error","message":"Error saving favorite","service":"user-service"}
{"error":{"statusCode":409},"level":"error","message":"Error saving favorite","service":"user-service"}
{"email":"rahul1@example.com","level":"error","message":"User already exists","service":"user-service"}
{"error":{"statusCode":409},"level":"error","message":"Error registering user","service":"user-service"}
{"email":"rahul1@example.com","level":"error","message":"User already exists","service":"user-service"}
{"error":{"statusCode":409},"level":"error","message":"Error registering user","service":"user-service"}
{"level":"error","message":"Invalid token Unauthorized","service":"user-service","stack":"Error: Unauthorized\n    at AppError.unauthorized (C:\\Users\\rahul\\Desktop\\Techkraft\\server\\src\\utils\\error.helper.ts:13:12)\n    at authMiddleware (C:\\Users\\rahul\\Desktop\\Techkraft\\server\\src\\middleware\\auth.middleware.ts:20:22)\n    at Layer.handleRequest (C:\\Users\\rahul\\Desktop\\Techkraft\\server\\node_modules\\router\\lib\\layer.js:152:17)\n    at next (C:\\Users\\rahul\\Desktop\\Techkraft\\server\\node_modules\\router\\lib\\route.js:157:13)\n    at Route.dispatch (C:\\Users\\rahul\\Desktop\\Techkraft\\server\\node_modules\\router\\lib\\route.js:117:3)\n    at handle (C:\\Users\\rahul\\Desktop\\Techkraft\\server\\node_modules\\router\\index.js:435:11)\n    at Layer.handleRequest (C:\\Users\\rahul\\Desktop\\Techkraft\\server\\node_modules\\router\\lib\\layer.js:152:17)\n    at C:\\Users\\rahul\\Desktop\\Techkraft\\server\\node_modules\\router\\index.js:295:15\n    at processParams (C:\\Users\\rahul\\Desktop\\Techkraft\\server\\node_modules\\router\\index.js:582:12)\n    at next (C:\\Users\\rahul\\Desktop\\Techkraft\\server\\node_modules\\router\\index.js:291:5)","statusCode":401}
{"level":"error","message":"Invalid token Unauthorized","service":"user-service","stack":"Error: Unauthorized\n    at AppError.unauthorized (C:\\Users\\rahul\\Desktop\\Techkraft\\server\\src\\utils\\error.helper.ts:13:12)\n    at authMiddleware (C:\\Users\\rahul\\Desktop\\Techkraft\\server\\src\\middleware\\auth.middleware.ts:20:22)\n    at Layer.handleRequest (C:\\Users\\rahul\\Desktop\\Techkraft\\server\\node_modules\\router\\lib\\layer.js:152:17)\n    at next (C:\\Users\\rahul\\Desktop\\Techkraft\\server\\node_modules\\router\\lib\\route.js:157:13)\n    at Route.dispatch (C:\\Users\\rahul\\Desktop\\Techkraft\\server\\node_modules\\router\\lib\\route.js:117:3)\n    at handle (C:\\Users\\rahul\\Desktop\\Techkraft\\server\\node_modules\\router\\index.js:435:11)\n    at Layer.handleRequest (C:\\Users\\rahul\\Desktop\\Techkraft\\server\\node_modules\\router\\lib\\layer.js:152:17)\n    at C:\\Users\\rahul\\Desktop\\Techkraft\\server\\node_modules\\router\\index.js:295:15\n    at processParams (C:\\Users\\rahul\\Desktop\\Techkraft\\server\\node_modules\\router\\index.js:582:12)\n    at next (C:\\Users\\rahul\\Desktop\\Techkraft\\server\\node_modules\\router\\index.js:291:5)","statusCode":401}
{"level":"error","message":"Invalid token Unauthorized","service":"user-service","stack":"Error: Unauthorized\n    at AppError.unauthorized (C:\\Users\\rahul\\Desktop\\Techkraft\\server\\src\\utils\\error.helper.ts:13:12)\n    at authMiddleware (C:\\Users\\rahul\\Desktop\\Techkraft\\server\\src\\middleware\\auth.middleware.ts:20:22)\n    at Layer.handleRequest (C:\\Users\\rahul\\Desktop\\Techkraft\\server\\node_modules\\router\\lib\\layer.js:152:17)\n    at next (C:\\Users\\rahul\\Desktop\\Techkraft\\server\\node_modules\\router\\lib\\route.js:157:13)\n    at Route.dispatch (C:\\Users\\rahul\\Desktop\\Techkraft\\server\\node_modules\\router\\lib\\route.js:117:3)\n    at handle (C:\\Users\\rahul\\Desktop\\Techkraft\\server\\node_modules\\router\\index.js:435:11)\n    at Layer.handleRequest (C:\\Users\\rahul\\Desktop\\Techkraft\\server\\node_modules\\router\\lib\\layer.js:152:17)\n    at C:\\Users\\rahul\\Desktop\\Techkraft\\server\\node_modules\\router\\index.js:295:15\n    at processParams (C:\\Users\\rahul\\Desktop\\Techkraft\\server\\node_modules\\router\\index.js:582:12)\n    at next (C:\\Users\\rahul\\Desktop\\Techkraft\\server\\node_modules\\router\\index.js:291:5)","statusCode":401}
{"email":"rahul1@example.com","level":"error","message":"User already exists","service":"user-service"}
{"error":{"statusCode":409},"level":"error","message":"Error registering user","service":"user-service"}
{"email":"rahuladhikari2034@gmail.com","level":"error","message":"User not found","service":"user-service"}
{"error":{"statusCode":404},"level":"error","message":"Error authenticating user","service":"user-service"}
{"email":"rahuladhikari2034@gmail.com","level":"error","message":"User not found","service":"user-service"}
{"error":{"statusCode":404},"level":"error","message":"Error authenticating user","service":"user-service"}
{"email":"rahuladhikari2034@gmail.com","level":"error","message":"User not found","service":"user-service"}
{"error":{"statusCode":404},"level":"error","message":"Error authenticating user","service":"user-service"}
{"email":"rahuladhikari2034@gmail.com","level":"error","message":"User not found","service":"user-service"}
{"error":{"statusCode":404},"level":"error","message":"Error authenticating user","service":"user-service"}
{"email":"rahuladhikari2034@gmail.com","level":"error","message":"User not found","service":"user-service"}
{"error":{"statusCode":404},"level":"error","message":"Error authenticating user","service":"user-service"}
{"email":"rahuladhikari2034@gmail.com","level":"error","message":"User not found","service":"user-service"}
{"error":{"statusCode":404},"level":"error","message":"Error authenticating user","service":"user-service"}
{"email":"rahuladhikari2034@gmail.com","level":"error","message":"User not found","service":"user-service"}
{"error":{"statusCode":404},"level":"error","message":"Error authenticating user","service":"user-service"}
{"email":"rahuladhikari2034@gmail.com","level":"error","message":"User not found","service":"user-service"}
{"error":{"statusCode":404},"level":"error","message":"Error authenticating user","service":"user-service"}
{"email":"rahuladhikari2034@gmail.com","level":"error","message":"User not found","service":"user-service"}
{"error":{"statusCode":404},"level":"error","message":"Error authenticating user","service":"user-service"}
{"email":"rahuladhikari2034@gmail.com","level":"error","message":"User not found","service":"user-service"}
{"error":{"statusCode":404},"level":"error","message":"Error authenticating user","service":"user-service"}
{"email":"rahuladhikari2034@gmail.com","level":"error","message":"User not found","service":"user-service"}
{"error":{"statusCode":404},"level":"error","message":"Error authenticating user","service":"user-service"}
{"email":"rahuladhikari2034@gmail.com","level":"error","message":"User not found","service":"user-service"}
{"error":{"statusCode":404},"level":"error","message":"Error authenticating user","service":"user-service"}
{"email":"rahuladhikari2034@gmail.com","level":"error","message":"User not found","service":"user-service"}
{"error":{"statusCode":404},"level":"error","message":"Error authenticating user","service":"user-service"}
{"email":"rahuladhikari2034@gmail.com","level":"error","message":"User not found","service":"user-service"}
{"error":{"statusCode":404},"level":"error","message":"Error authenticating user","service":"user-service"}
{"email":"rahuladhikari2034@gmail.com","level":"error","message":"User not found","service":"user-service"}
{"error":{"statusCode":404},"level":"error","message":"Error authenticating user","service":"user-service"}
{"email":"rahuladhikari2034@gmail.com","level":"error","message":"User not found","service":"user-service"}
{"error":{"statusCode":404},"level":"error","message":"Error authenticating user","service":"user-service"}
{"email":"rahuladhikari2034@gmail.com","level":"error","message":"User not found","service":"user-service"}
{"error":{"statusCode":404},"level":"error","message":"Error authenticating user","service":"user-service"}
{"email":"rahuladhikari2034@gmail.com","level":"error","message":"User not found","service":"user-service"}
{"error":{"statusCode":404},"level":"error","message":"Error authenticating user","service":"user-service"}
{"email":"rahuladhikari2034@gmail.com","level":"error","message":"User not found","service":"user-service"}
{"error":{"statusCode":404},"level":"error","message":"Error authenticating user","service":"user-service"}
{"email":"rahuladhikari2034@gmail.com","level":"error","message":"User not found","service":"user-service"}
{"error":{"statusCode":404},"level":"error","message":"Error authenticating user","service":"user-service"}
{"email":"rahuladhikari2034@gmail.com","level":"error","message":"User not found","service":"user-service"}
{"error":{"statusCode":404},"level":"error","message":"Error authenticating user","service":"user-service"}
{"email":"rahuladhikari2034@gmail.com","level":"error","message":"User not found","service":"user-service"}
{"error":{"statusCode":404},"level":"error","message":"Error authenticating user","service":"user-service"}
{"email":"rahuladhikari2034@gmail.com","level":"error","message":"User not found","service":"user-service"}
{"error":{"statusCode":404},"level":"error","message":"Error authenticating user","service":"user-service"}
{"email":"rahuladhikari2034@gmail.com","level":"error","message":"User not found","service":"user-service"}
{"error":{"statusCode":404},"level":"error","message":"Error authenticating user","service":"user-service"}
{"email":"rahuladhikari2034@gmail.com","level":"error","message":"User not found","service":"user-service"}
{"error":{"statusCode":404},"level":"error","message":"Error authenticating user","service":"user-service"}
{"email":"rahuladhikari2034@gmail.com","level":"error","message":"User not found","service":"user-service"}
{"error":{"statusCode":404},"level":"error","message":"Error authenticating user","service":"user-service"}
{"email":"rahuladhikari2034@gmail.com","level":"error","message":"User not found","service":"user-service"}
{"error":{"statusCode":404},"level":"error","message":"Error authenticating user","service":"user-service"}
{"email":"rahuladhikari2034@gmail.com","level":"error","message":"User not found","service":"user-service"}
{"error":{"statusCode":404},"level":"error","message":"Error authenticating user","service":"user-service"}
{"email":"rahuladhikari2034@gmail.com","level":"error","message":"User not found","service":"user-service"}
{"error":{"statusCode":404},"level":"error","message":"Error authenticating user","service":"user-service"}
{"email":"rahuladhikari2034@gmail.com","level":"error","message":"User not found","service":"user-service"}
{"error":{"statusCode":404},"level":"error","message":"Error authenticating user","service":"user-service"}
{"email":"rahuladhikari2034@gmail.com","level":"error","message":"User not found","service":"user-service"}
{"error":{"statusCode":404},"level":"error","message":"Error authenticating user","service":"user-service"}
{"email":"rahuladhikari2034@gmail.com","level":"error","message":"User not found","service":"user-service"}
{"error":{"statusCode":404},"level":"error","message":"Error authenticating user","service":"user-service"}
{"email":"rahuladhikari2034@gmail.com","level":"error","message":"User not found","service":"user-service"}
{"error":{"statusCode":404},"level":"error","message":"Error authenticating user","service":"user-service"}
{"email":"rahuladhikari2034@gmail.com","level":"error","message":"User not found","service":"user-service"}
{"error":{"statusCode":404},"level":"error","message":"Error authenticating user","service":"user-service"}
{"email":"rahuladhikari2034@gmail.com","level":"error","message":"User not found","service":"user-service"}
{"error":{"statusCode":404},"level":"error","message":"Error authenticating user","service":"user-service"}
{"email":"rahuladhikari2034@gmail.com","level":"error","message":"User not found","service":"user-service"}
{"error":{"statusCode":404},"level":"error","message":"Error authenticating user","service":"user-service"}
{"email":"rahuladhikari2034@gmail.com","level":"error","message":"User not found","service":"user-service"}
{"error":{"statusCode":404},"level":"error","message":"Error authenticating user","service":"user-service"}
{"email":"rahuladhikari2034@gmail.com","level":"error","message":"User not found","service":"user-service"}
{"error":{"statusCode":404},"level":"error","message":"Error authenticating user","service":"user-service"}
{"email":"rahuladhikari2034@gmail.com","level":"error","message":"User not found","service":"user-service"}
{"error":{"statusCode":404},"level":"error","message":"Error authenticating user","service":"user-service"}
{"email":"rahuladhikari2034@gmail.com","level":"error","message":"User not found","service":"user-service"}
{"error":{"statusCode":404},"level":"error","message":"Error authenticating user","service":"user-service"}
{"email":"rahuladhikari2034@gmail.com","level":"error","message":"User not found","service":"user-service"}
{"error":{"statusCode":404},"level":"error","message":"Error authenticating user","service":"user-service"}
{"email":"rahuladhikari2034@gmail.com","level":"error","message":"User not found","service":"user-service"}
{"error":{"statusCode":404},"level":"error","message":"Error authenticating user","service":"user-service"}
{"email":"rahuladhikari2034@gmail.com","level":"error","message":"User not found","service":"user-service"}
{"error":{"statusCode":404},"level":"error","message":"Error authenticating user","service":"user-service"}
{"email":"rahuladhikari2034@gmail.com","level":"error","message":"User not found","service":"user-service"}
{"error":{"statusCode":404},"level":"error","message":"Error authenticating user","service":"user-service"}
{"email":"rahuladhikari2034@gmail.com","level":"error","message":"User not found","service":"user-service"}
{"error":{"statusCode":404},"level":"error","message":"Error authenticating user","service":"user-service"}
{"email":"rahuladhikari2034@gmail.com","level":"error","message":"User not found","service":"user-service"}
{"error":{"statusCode":404},"level":"error","message":"Error authenticating user","service":"user-service"}
{"email":"rahuladhikari2034@gmail.com","level":"error","message":"User not found","service":"user-service"}
{"error":{"statusCode":404},"level":"error","message":"Error authenticating user","service":"user-service"}
{"email":"rahuladhikari2034@gmail.com","level":"error","message":"User not found","service":"user-service"}
{"error":{"statusCode":404},"level":"error","message":"Error authenticating user","service":"user-service"}
{"email":"rahuladhikari2034@gmail.com","level":"error","message":"User not found","service":"user-service"}
{"error":{"statusCode":404},"level":"error","message":"Error authenticating user","service":"user-service"}
{"email":"rahuladhikari2034@gmail.com","level":"error","message":"User not found","service":"user-service"}
{"error":{"statusCode":404},"level":"error","message":"Error authenticating user","service":"user-service"}
{"email":"rahuladhikari2034@gmail.com","level":"error","message":"User not found","service":"user-service"}
{"error":{"statusCode":404},"level":"error","message":"Error authenticating user","service":"user-service"}
{"email":"rahuladhikari2034@gmail.com","level":"error","message":"User not found","service":"user-service"}
{"error":{"statusCode":404},"level":"error","message":"Error authenticating user","service":"user-service"}
{"email":"rahuladhikari2034@gmail.com","level":"error","message":"User not found","service":"user-service"}
{"error":{"statusCode":404},"level":"error","message":"Error authenticating user","service":"user-service"}
{"email":"rahuladhikari2034@gmail.com","level":"error","message":"User not found","service":"user-service"}
{"error":{"statusCode":404},"level":"error","message":"Error authenticating user","service":"user-service"}
{"email":"rahuladhikari2034@gmail.com","level":"error","message":"User not found","service":"user-service"}
{"error":{"statusCode":404},"level":"error","message":"Error authenticating user","service":"user-service"}
{"email":"rahuladhikari2034@gmail.com","level":"error","message":"User not found","service":"user-service"}
{"error":{"statusCode":404},"level":"error","message":"Error authenticating user","service":"user-service"}
{"email":"rahuladhikari2034@gmail.com","level":"error","message":"User not found","service":"user-service"}
{"error":{"statusCode":404},"level":"error","message":"Error authenticating user","service":"user-service"}
{"email":"rahuladhikari2034@gmail.com","level":"error","message":"User not found","service":"user-service"}
{"error":{"statusCode":404},"level":"error","message":"Error authenticating user","service":"user-service"}
{"email":"rahuladhikari2034@gmail.com","level":"error","message":"User not found","service":"user-service"}
{"error":{"statusCode":404},"level":"error","message":"Error authenticating user","service":"user-service"}
{"email":"rahuladhikari2034@gmail.com","level":"error","message":"User not found","service":"user-service"}
{"error":{"statusCode":404},"level":"error","message":"Error authenticating user","service":"user-service"}
{"email":"rahuladhikari2034@gmail.com","level":"error","message":"User not found","service":"user-service"}
{"error":{"statusCode":404},"level":"error","message":"Error authenticating user","service":"user-service"}
{"email":"rahuladhikari2034@gmail.com","level":"error","message":"User not found","service":"user-service"}
{"error":{"statusCode":404},"level":"error","message":"Error authenticating user","service":"user-service"}
{"email":"rahuladhikari2034@gmail.com","level":"error","message":"User not found","service":"user-service"}
{"error":{"statusCode":404},"level":"error","message":"Error authenticating user","service":"user-service"}
{"email":"rahuladhikari2034@gmail.com","level":"error","message":"User not found","service":"user-service"}
{"error":{"statusCode":404},"level":"error","message":"Error authenticating user","service":"user-service"}
{"email":"rahuladhikari2034@gmail.com","level":"error","message":"User not found","service":"user-service"}
{"error":{"statusCode":404},"level":"error","message":"Error authenticating user","service":"user-service"}
{"email":"rahuladhikari2034@gmail.com","level":"error","message":"User not found","service":"user-service"}
{"error":{"statusCode":404},"level":"error","message":"Error authenticating user","service":"user-service"}
{"email":"rahuladhikari2034@gmail.com","level":"error","message":"User not found","service":"user-service"}
{"error":{"statusCode":404},"level":"error","message":"Error authenticating user","service":"user-service"}
{"email":"rahuladhikari2034@gmail.com","level":"error","message":"User not found","service":"user-service"}
{"error":{"statusCode":404},"level":"error","message":"Error authenticating user","service":"user-service"}
{"email":"rahuladhikari2034@gmail.com","level":"error","message":"User not found","service":"user-service"}
{"error":{"statusCode":404},"level":"error","message":"Error authenticating user","service":"user-service"}
{"email":"rahuladhikari2034@gmail.com","level":"error","message":"User not found","service":"user-service"}
{"error":{"statusCode":404},"level":"error","message":"Error authenticating user","service":"user-service"}
{"level":"error","message":"Invalid token Unauthorized","service":"user-service","stack":"Error: Unauthorized\n    at AppError.unauthorized (C:\\Users\\rahul\\Desktop\\Techkraft\\server\\src\\utils\\error.helper.ts:13:12)\n    at authMiddleware (C:\\Users\\rahul\\Desktop\\Techkraft\\server\\src\\middleware\\auth.middleware.ts:20:22)\n    at Layer.handleRequest (C:\\Users\\rahul\\Desktop\\Techkraft\\server\\node_modules\\router\\lib\\layer.js:152:17)\n    at next (C:\\Users\\rahul\\Desktop\\Techkraft\\server\\node_modules\\router\\lib\\route.js:157:13)\n    at Route.dispatch (C:\\Users\\rahul\\Desktop\\Techkraft\\server\\node_modules\\router\\lib\\route.js:117:3)\n    at handle (C:\\Users\\rahul\\Desktop\\Techkraft\\server\\node_modules\\router\\index.js:435:11)\n    at Layer.handleRequest (C:\\Users\\rahul\\Desktop\\Techkraft\\server\\node_modules\\router\\lib\\layer.js:152:17)\n    at C:\\Users\\rahul\\Desktop\\Techkraft\\server\\node_modules\\router\\index.js:295:15\n    at processParams (C:\\Users\\rahul\\Desktop\\Techkraft\\server\\node_modules\\router\\index.js:582:12)\n    at next (C:\\Users\\rahul\\Desktop\\Techkraft\\server\\node_modules\\router\\index.js:291:5)","statusCode":401}
{"level":"error","message":"Invalid token Unauthorized","service":"user-service","stack":"Error: Unauthorized\n    at AppError.unauthorized (C:\\Users\\rahul\\Desktop\\Techkraft\\server\\src\\utils\\error.helper.ts:13:12)\n    at authMiddleware (C:\\Users\\rahul\\Desktop\\Techkraft\\server\\src\\middleware\\auth.middleware.ts:20:22)\n    at Layer.handleRequest (C:\\Users\\rahul\\Desktop\\Techkraft\\server\\node_modules\\router\\lib\\layer.js:152:17)\n    at next (C:\\Users\\rahul\\Desktop\\Techkraft\\server\\node_modules\\router\\lib\\route.js:157:13)\n    at Route.dispatch (C:\\Users\\rahul\\Desktop\\Techkraft\\server\\node_modules\\router\\lib\\route.js:117:3)\n    at handle (C:\\Users\\rahul\\Desktop\\Techkraft\\server\\node_modules\\router\\index.js:435:11)\n    at Layer.handleRequest (C:\\Users\\rahul\\Desktop\\Techkraft\\server\\node_modules\\router\\lib\\layer.js:152:17)\n    at C:\\Users\\rahul\\Desktop\\Techkraft\\server\\node_modules\\router\\index.js:295:15\n    at processParams (C:\\Users\\rahul\\Desktop\\Techkraft\\server\\node_modules\\router\\index.js:582:12)\n    at next (C:\\Users\\rahul\\Desktop\\Techkraft\\server\\node_modules\\router\\index.js:291:5)","statusCode":401}
{"email":"rahuladhikari2034@gmail.com","level":"error","message":"User not found","service":"user-service"}
{"error":{"statusCode":404},"level":"error","message":"Error authenticating user","service":"user-service"}
{"expiredAt":"2026-03-29T16:22:25.000Z","level":"error","message":"Invalid token jwt expired","name":"TokenExpiredError","service":"user-service","stack":"TokenExpiredError: jwt expired\n    at C:\\Users\\rahul\\Desktop\\Techkraft\\server\\node_modules\\jsonwebtoken\\verify.js:190:21\n    at getSecret (C:\\Users\\rahul\\Desktop\\Techkraft\\server\\node_modules\\jsonwebtoken\\verify.js:97:14)\n    at module.exports (C:\\Users\\rahul\\Desktop\\Techkraft\\server\\node_modules\\jsonwebtoken\\verify.js:101:10)\n    at authMiddleware (C:\\Users\\rahul\\Desktop\\Techkraft\\server\\src\\middleware\\auth.middleware.ts:22:27)\n    at Layer.handleRequest (C:\\Users\\rahul\\Desktop\\Techkraft\\server\\node_modules\\router\\lib\\layer.js:152:17)\n    at next (C:\\Users\\rahul\\Desktop\\Techkraft\\server\\node_modules\\router\\lib\\route.js:157:13)\n    at Route.dispatch (C:\\Users\\rahul\\Desktop\\Techkraft\\server\\node_modules\\router\\lib\\route.js:117:3)\n    at handle (C:\\Users\\rahul\\Desktop\\Techkraft\\server\\node_modules\\router\\index.js:435:11)\n    at Layer.handleRequest (C:\\Users\\rahul\\Desktop\\Techkraft\\server\\node_modules\\router\\lib\\layer.js:152:17)\n    at C:\\Users\\rahul\\Desktop\\Techkraft\\server\\node_modules\\router\\index.js:295:15"}
{"expiredAt":"2026-03-29T16:22:25.000Z","level":"error","message":"Invalid token jwt expired","name":"TokenExpiredError","service":"user-service","stack":"TokenExpiredError: jwt expired\n    at C:\\Users\\rahul\\Desktop\\Techkraft\\server\\node_modules\\jsonwebtoken\\verify.js:190:21\n    at getSecret (C:\\Users\\rahul\\Desktop\\Techkraft\\server\\node_modules\\jsonwebtoken\\verify.js:97:14)\n    at module.exports (C:\\Users\\rahul\\Desktop\\Techkraft\\server\\node_modules\\jsonwebtoken\\verify.js:101:10)\n    at authMiddleware (C:\\Users\\rahul\\Desktop\\Techkraft\\server\\src\\middleware\\auth.middleware.ts:22:27)\n    at Layer.handleRequest (C:\\Users\\rahul\\Desktop\\Techkraft\\server\\node_modules\\router\\lib\\layer.js:152:17)\n    at next (C:\\Users\\rahul\\Desktop\\Techkraft\\server\\node_modules\\router\\lib\\route.js:157:13)\n    at Route.dispatch (C:\\Users\\rahul\\Desktop\\Techkraft\\server\\node_modules\\router\\lib\\route.js:117:3)\n    at handle (C:\\Users\\rahul\\Desktop\\Techkraft\\server\\node_modules\\router\\index.js:435:11)\n    at Layer.handleRequest (C:\\Users\\rahul\\Desktop\\Techkraft\\server\\node_modules\\router\\lib\\layer.js:152:17)\n    at C:\\Users\\rahul\\Desktop\\Techkraft\\server\\node_modules\\router\\index.js:295:15"}
{"expiredAt":"2026-03-29T16:22:25.000Z","level":"error","message":"Invalid token jwt expired","name":"TokenExpiredError","service":"user-service","stack":"TokenExpiredError: jwt expired\n    at C:\\Users\\rahul\\Desktop\\Techkraft\\server\\node_modules\\jsonwebtoken\\verify.js:190:21\n    at getSecret (C:\\Users\\rahul\\Desktop\\Techkraft\\server\\node_modules\\jsonwebtoken\\verify.js:97:14)\n    at module.exports (C:\\Users\\rahul\\Desktop\\Techkraft\\server\\node_modules\\jsonwebtoken\\verify.js:101:10)\n    at authMiddleware (C:\\Users\\rahul\\Desktop\\Techkraft\\server\\src\\middleware\\auth.middleware.ts:22:27)\n    at Layer.handleRequest (C:\\Users\\rahul\\Desktop\\Techkraft\\server\\node_modules\\router\\lib\\layer.js:152:17)\n    at next (C:\\Users\\rahul\\Desktop\\Techkraft\\server\\node_modules\\router\\lib\\route.js:157:13)\n    at Route.dispatch (C:\\Users\\rahul\\Desktop\\Techkraft\\server\\node_modules\\router\\lib\\route.js:117:3)\n    at handle (C:\\Users\\rahul\\Desktop\\Techkraft\\server\\node_modules\\router\\index.js:435:11)\n    at Layer.handleRequest (C:\\Users\\rahul\\Desktop\\Techkraft\\server\\node_modules\\router\\lib\\layer.js:152:17)\n    at C:\\Users\\rahul\\Desktop\\Techkraft\\server\\node_modules\\router\\index.js:295:15"}
{"expiredAt":"2026-03-30T10:58:56.000Z","level":"error","message":"Invalid token jwt expired","name":"TokenExpiredError","service":"user-service","stack":"TokenExpiredError: jwt expired\n    at C:\\Users\\rahul\\Desktop\\Techkraft\\server\\node_modules\\jsonwebtoken\\verify.js:190:21\n    at getSecret (C:\\Users\\rahul\\Desktop\\Techkraft\\server\\node_modules\\jsonwebtoken\\verify.js:97:14)\n    at module.exports (C:\\Users\\rahul\\Desktop\\Techkraft\\server\\node_modules\\jsonwebtoken\\verify.js:101:10)\n    at authMiddleware (C:\\Users\\rahul\\Desktop\\Techkraft\\server\\src\\middleware\\auth.middleware.ts:22:27)\n    at Layer.handleRequest (C:\\Users\\rahul\\Desktop\\Techkraft\\server\\node_modules\\router\\lib\\layer.js:152:17)\n    at next (C:\\Users\\rahul\\Desktop\\Techkraft\\server\\node_modules\\router\\lib\\route.js:157:13)\n    at Route.dispatch (C:\\Users\\rahul\\Desktop\\Techkraft\\server\\node_modules\\router\\lib\\route.js:117:3)\n    at handle (C:\\Users\\rahul\\Desktop\\Techkraft\\server\\node_modules\\router\\index.js:435:11)\n    at Layer.handleRequest (C:\\Users\\rahul\\Desktop\\Techkraft\\server\\node_modules\\router\\lib\\layer.js:152:17)\n    at C:\\Users\\rahul\\Desktop\\Techkraft\\server\\node_modules\\router\\index.js:295:15"}
{"expiredAt":"2026-03-30T10:58:56.000Z","level":"error","message":"Invalid token jwt expired","name":"TokenExpiredError","service":"user-service","stack":"TokenExpiredError: jwt expired\n    at C:\\Users\\rahul\\Desktop\\Techkraft\\server\\node_modules\\jsonwebtoken\\verify.js:190:21\n    at getSecret (C:\\Users\\rahul\\Desktop\\Techkraft\\server\\node_modules\\jsonwebtoken\\verify.js:97:14)\n    at module.exports (C:\\Users\\rahul\\Desktop\\Techkraft\\server\\node_modules\\jsonwebtoken\\verify.js:101:10)\n    at authMiddleware (C:\\Users\\rahul\\Desktop\\Techkraft\\server\\src\\middleware\\auth.middleware.ts:22:27)\n    at Layer.handleRequest (C:\\Users\\rahul\\Desktop\\Techkraft\\server\\node_modules\\router\\lib\\layer.js:152:17)\n    at next (C:\\Users\\rahul\\Desktop\\Techkraft\\server\\node_modules\\router\\lib\\route.js:157:13)\n    at Route.dispatch (C:\\Users\\rahul\\Desktop\\Techkraft\\server\\node_modules\\router\\lib\\route.js:117:3)\n    at handle (C:\\Users\\rahul\\Desktop\\Techkraft\\server\\node_modules\\router\\index.js:435:11)\n    at Layer.handleRequest (C:\\Users\\rahul\\Desktop\\Techkraft\\server\\node_modules\\router\\lib\\layer.js:152:17)\n    at C:\\Users\\rahul\\Desktop\\Techkraft\\server\\node_modules\\router\\index.js:295:15"}
{"expiredAt":"2026-03-30T10:58:56.000Z","level":"error","message":"Invalid token jwt expired","name":"TokenExpiredError","service":"user-service","stack":"TokenExpiredError: jwt expired\n    at C:\\Users\\rahul\\Desktop\\Techkraft\\server\\node_modules\\jsonwebtoken\\verify.js:190:21\n    at getSecret (C:\\Users\\rahul\\Desktop\\Techkraft\\server\\node_modules\\jsonwebtoken\\verify.js:97:14)\n    at module.exports (C:\\Users\\rahul\\Desktop\\Techkraft\\server\\node_modules\\jsonwebtoken\\verify.js:101:10)\n    at authMiddleware (C:\\Users\\rahul\\Desktop\\Techkraft\\server\\src\\middleware\\auth.middleware.ts:22:27)\n    at Layer.handleRequest (C:\\Users\\rahul\\Desktop\\Techkraft\\server\\node_modules\\router\\lib\\layer.js:152:17)\n    at next (C:\\Users\\rahul\\Desktop\\Techkraft\\server\\node_modules\\router\\lib\\route.js:157:13)\n    at Route.dispatch (C:\\Users\\rahul\\Desktop\\Techkraft\\server\\node_modules\\router\\lib\\route.js:117:3)\n    at handle (C:\\Users\\rahul\\Desktop\\Techkraft\\server\\node_modules\\router\\index.js:435:11)\n    at Layer.handleRequest (C:\\Users\\rahul\\Desktop\\Techkraft\\server\\node_modules\\router\\lib\\layer.js:152:17)\n    at C:\\Users\\rahul\\Desktop\\Techkraft\\server\\node_modules\\router\\index.js:295:15"}
{"expiredAt":"2026-03-30T10:58:56.000Z","level":"error","message":"Invalid token jwt expired","name":"TokenExpiredError","service":"user-service","stack":"TokenExpiredError: jwt expired\n    at C:\\Users\\rahul\\Desktop\\Techkraft\\server\\node_modules\\jsonwebtoken\\verify.js:190:21\n    at getSecret (C:\\Users\\rahul\\Desktop\\Techkraft\\server\\node_modules\\jsonwebtoken\\verify.js:97:14)\n    at module.exports (C:\\Users\\rahul\\Desktop\\Techkraft\\server\\node_modules\\jsonwebtoken\\verify.js:101:10)\n    at authMiddleware (C:\\Users\\rahul\\Desktop\\Techkraft\\server\\src\\middleware\\auth.middleware.ts:22:27)\n    at Layer.handleRequest (C:\\Users\\rahul\\Desktop\\Techkraft\\server\\node_modules\\router\\lib\\layer.js:152:17)\n    at next (C:\\Users\\rahul\\Desktop\\Techkraft\\server\\node_modules\\router\\lib\\route.js:157:13)\n    at Route.dispatch (C:\\Users\\rahul\\Desktop\\Techkraft\\server\\node_modules\\router\\lib\\route.js:117:3)\n    at handle (C:\\Users\\rahul\\Desktop\\Techkraft\\server\\node_modules\\router\\index.js:435:11)\n    at Layer.handleRequest (C:\\Users\\rahul\\Desktop\\Techkraft\\server\\node_modules\\router\\lib\\layer.js:152:17)\n    at C:\\Users\\rahul\\Desktop\\Techkraft\\server\\node_modules\\router\\index.js:295:15"}
{"expiredAt":"2026-03-30T10:58:56.000Z","level":"error","message":"Invalid token jwt expired","name":"TokenExpiredError","service":"user-service","stack":"TokenExpiredError: jwt expired\n    at C:\\Users\\rahul\\Desktop\\Techkraft\\server\\node_modules\\jsonwebtoken\\verify.js:190:21\n    at getSecret (C:\\Users\\rahul\\Desktop\\Techkraft\\server\\node_modules\\jsonwebtoken\\verify.js:97:14)\n    at module.exports (C:\\Users\\rahul\\Desktop\\Techkraft\\server\\node_modules\\jsonwebtoken\\verify.js:101:10)\n    at authMiddleware (C:\\Users\\rahul\\Desktop\\Techkraft\\server\\src\\middleware\\auth.middleware.ts:22:27)\n    at Layer.handleRequest (C:\\Users\\rahul\\Desktop\\Techkraft\\server\\node_modules\\router\\lib\\layer.js:152:17)\n    at next (C:\\Users\\rahul\\Desktop\\Techkraft\\server\\node_modules\\router\\lib\\route.js:157:13)\n    at Route.dispatch (C:\\Users\\rahul\\Desktop\\Techkraft\\server\\node_modules\\router\\lib\\route.js:117:3)\n    at handle (C:\\Users\\rahul\\Desktop\\Techkraft\\server\\node_modules\\router\\index.js:435:11)\n    at Layer.handleRequest (C:\\Users\\rahul\\Desktop\\Techkraft\\server\\node_modules\\router\\lib\\layer.js:152:17)\n    at C:\\Users\\rahul\\Desktop\\Techkraft\\server\\node_modules\\router\\index.js:295:15"}
{"expiredAt":"2026-03-30T10:58:56.000Z","level":"error","message":"Invalid token jwt expired","name":"TokenExpiredError","service":"user-service","stack":"TokenExpiredError: jwt expired\n    at C:\\Users\\rahul\\Desktop\\Techkraft\\server\\node_modules\\jsonwebtoken\\verify.js:190:21\n    at getSecret (C:\\Users\\rahul\\Desktop\\Techkraft\\server\\node_modules\\jsonwebtoken\\verify.js:97:14)\n    at module.exports (C:\\Users\\rahul\\Desktop\\Techkraft\\server\\node_modules\\jsonwebtoken\\verify.js:101:10)\n    at authMiddleware (C:\\Users\\rahul\\Desktop\\Techkraft\\server\\src\\middleware\\auth.middleware.ts:22:27)\n    at Layer.handleRequest (C:\\Users\\rahul\\Desktop\\Techkraft\\server\\node_modules\\router\\lib\\layer.js:152:17)\n    at next (C:\\Users\\rahul\\Desktop\\Techkraft\\server\\node_modules\\router\\lib\\route.js:157:13)\n    at Route.dispatch (C:\\Users\\rahul\\Desktop\\Techkraft\\server\\node_modules\\router\\lib\\route.js:117:3)\n    at handle (C:\\Users\\rahul\\Desktop\\Techkraft\\server\\node_modules\\router\\index.js:435:11)\n    at Layer.handleRequest (C:\\Users\\rahul\\Desktop\\Techkraft\\server\\node_modules\\router\\lib\\layer.js:152:17)\n    at C:\\Users\\rahul\\Desktop\\Techkraft\\server\\node_modules\\router\\index.js:295:15"}
{"expiredAt":"2026-03-30T10:58:56.000Z","level":"error","message":"Invalid token jwt expired","name":"TokenExpiredError","service":"user-service","stack":"TokenExpiredError: jwt expired\n    at C:\\Users\\rahul\\Desktop\\Techkraft\\server\\node_modules\\jsonwebtoken\\verify.js:190:21\n    at getSecret (C:\\Users\\rahul\\Desktop\\Techkraft\\server\\node_modules\\jsonwebtoken\\verify.js:97:14)\n    at module.exports (C:\\Users\\rahul\\Desktop\\Techkraft\\server\\node_modules\\jsonwebtoken\\verify.js:101:10)\n    at authMiddleware (C:\\Users\\rahul\\Desktop\\Techkraft\\server\\src\\middleware\\auth.middleware.ts:22:27)\n    at Layer.handleRequest (C:\\Users\\rahul\\Desktop\\Techkraft\\server\\node_modules\\router\\lib\\layer.js:152:17)\n    at next (C:\\Users\\rahul\\Desktop\\Techkraft\\server\\node_modules\\router\\lib\\route.js:157:13)\n    at Route.dispatch (C:\\Users\\rahul\\Desktop\\Techkraft\\server\\node_modules\\router\\lib\\route.js:117:3)\n    at handle (C:\\Users\\rahul\\Desktop\\Techkraft\\server\\node_modules\\router\\index.js:435:11)\n    at Layer.handleRequest (C:\\Users\\rahul\\Desktop\\Techkraft\\server\\node_modules\\router\\lib\\layer.js:152:17)\n    at C:\\Users\\rahul\\Desktop\\Techkraft\\server\\node_modules\\router\\index.js:295:15"}
{"expiredAt":"2026-03-30T10:58:56.000Z","level":"error","message":"Invalid token jwt expired","name":"TokenExpiredError","service":"user-service","stack":"TokenExpiredError: jwt expired\n    at C:\\Users\\rahul\\Desktop\\Techkraft\\server\\node_modules\\jsonwebtoken\\verify.js:190:21\n    at getSecret (C:\\Users\\rahul\\Desktop\\Techkraft\\server\\node_modules\\jsonwebtoken\\verify.js:97:14)\n    at module.exports (C:\\Users\\rahul\\Desktop\\Techkraft\\server\\node_modules\\jsonwebtoken\\verify.js:101:10)\n    at authMiddleware (C:\\Users\\rahul\\Desktop\\Techkraft\\server\\src\\middleware\\auth.middleware.ts:22:27)\n    at Layer.handleRequest (C:\\Users\\rahul\\Desktop\\Techkraft\\server\\node_modules\\router\\lib\\layer.js:152:17)\n    at next (C:\\Users\\rahul\\Desktop\\Techkraft\\server\\node_modules\\router\\lib\\route.js:157:13)\n    at Route.dispatch (C:\\Users\\rahul\\Desktop\\Techkraft\\server\\node_modules\\router\\lib\\route.js:117:3)\n    at handle (C:\\Users\\rahul\\Desktop\\Techkraft\\server\\node_modules\\router\\index.js:435:11)\n    at Layer.handleRequest (C:\\Users\\rahul\\Desktop\\Techkraft\\server\\node_modules\\router\\lib\\layer.js:152:17)\n    at C:\\Users\\rahul\\Desktop\\Techkraft\\server\\node_modules\\router\\index.js:295:15"}
{"expiredAt":"2026-03-30T10:58:56.000Z","level":"error","message":"Invalid token jwt expired","name":"TokenExpiredError","service":"user-service","stack":"TokenExpiredError: jwt expired\n    at C:\\Users\\rahul\\Desktop\\Techkraft\\server\\node_modules\\jsonwebtoken\\verify.js:190:21\n    at getSecret (C:\\Users\\rahul\\Desktop\\Techkraft\\server\\node_modules\\jsonwebtoken\\verify.js:97:14)\n    at module.exports (C:\\Users\\rahul\\Desktop\\Techkraft\\server\\node_modules\\jsonwebtoken\\verify.js:101:10)\n    at authMiddleware (C:\\Users\\rahul\\Desktop\\Techkraft\\server\\src\\middleware\\auth.middleware.ts:22:27)\n    at Layer.handleRequest (C:\\Users\\rahul\\Desktop\\Techkraft\\server\\node_modules\\router\\lib\\layer.js:152:17)\n    at next (C:\\Users\\rahul\\Desktop\\Techkraft\\server\\node_modules\\router\\lib\\route.js:157:13)\n    at Route.dispatch (C:\\Users\\rahul\\Desktop\\Techkraft\\server\\node_modules\\router\\lib\\route.js:117:3)\n    at handle (C:\\Users\\rahul\\Desktop\\Techkraft\\server\\node_modules\\router\\index.js:435:11)\n    at Layer.handleRequest (C:\\Users\\rahul\\Desktop\\Techkraft\\server\\node_modules\\router\\lib\\layer.js:152:17)\n    at C:\\Users\\rahul\\Desktop\\Techkraft\\server\\node_modules\\router\\index.js:295:15"}
{"expiredAt":"2026-03-30T10:58:56.000Z","level":"error","message":"Invalid token jwt expired","name":"TokenExpiredError","service":"user-service","stack":"TokenExpiredError: jwt expired\n    at C:\\Users\\rahul\\Desktop\\Techkraft\\server\\node_modules\\jsonwebtoken\\verify.js:190:21\n    at getSecret (C:\\Users\\rahul\\Desktop\\Techkraft\\server\\node_modules\\jsonwebtoken\\verify.js:97:14)\n    at module.exports (C:\\Users\\rahul\\Desktop\\Techkraft\\server\\node_modules\\jsonwebtoken\\verify.js:101:10)\n    at authMiddleware (C:\\Users\\rahul\\Desktop\\Techkraft\\server\\src\\middleware\\auth.middleware.ts:22:27)\n    at Layer.handleRequest (C:\\Users\\rahul\\Desktop\\Techkraft\\server\\node_modules\\router\\lib\\layer.js:152:17)\n    at next (C:\\Users\\rahul\\Desktop\\Techkraft\\server\\node_modules\\router\\lib\\route.js:157:13)\n    at Route.dispatch (C:\\Users\\rahul\\Desktop\\Techkraft\\server\\node_modules\\router\\lib\\route.js:117:3)\n    at handle (C:\\Users\\rahul\\Desktop\\Techkraft\\server\\node_modules\\router\\index.js:435:11)\n    at Layer.handleRequest (C:\\Users\\rahul\\Desktop\\Techkraft\\server\\node_modules\\router\\lib\\layer.js:152:17)\n    at C:\\Users\\rahul\\Desktop\\Techkraft\\server\\node_modules\\router\\index.js:295:15"}
{"expiredAt":"2026-03-30T10:58:56.000Z","level":"error","message":"Invalid token jwt expired","name":"TokenExpiredError","service":"user-service","stack":"TokenExpiredError: jwt expired\n    at C:\\Users\\rahul\\Desktop\\Techkraft\\server\\node_modules\\jsonwebtoken\\verify.js:190:21\n    at getSecret (C:\\Users\\rahul\\Desktop\\Techkraft\\server\\node_modules\\jsonwebtoken\\verify.js:97:14)\n    at module.exports (C:\\Users\\rahul\\Desktop\\Techkraft\\server\\node_modules\\jsonwebtoken\\verify.js:101:10)\n    at authMiddleware (C:\\Users\\rahul\\Desktop\\Techkraft\\server\\src\\middleware\\auth.middleware.ts:22:27)\n    at Layer.handleRequest (C:\\Users\\rahul\\Desktop\\Techkraft\\server\\node_modules\\router\\lib\\layer.js:152:17)\n    at next (C:\\Users\\rahul\\Desktop\\Techkraft\\server\\node_modules\\router\\lib\\route.js:157:13)\n    at Route.dispatch (C:\\Users\\rahul\\Desktop\\Techkraft\\server\\node_modules\\router\\lib\\route.js:117:3)\n    at handle (C:\\Users\\rahul\\Desktop\\Techkraft\\server\\node_modules\\router\\index.js:435:11)\n    at Layer.handleRequest (C:\\Users\\rahul\\Desktop\\Techkraft\\server\\node_modules\\router\\lib\\layer.js:152:17)\n    at C:\\Users\\rahul\\Desktop\\Techkraft\\server\\node_modules\\router\\index.js:295:15"}
{"expiredAt":"2026-03-30T10:58:56.000Z","level":"error","message":"Invalid token jwt expired","name":"TokenExpiredError","service":"user-service","stack":"TokenExpiredError: jwt expired\n    at C:\\Users\\rahul\\Desktop\\Techkraft\\server\\node_modules\\jsonwebtoken\\verify.js:190:21\n    at getSecret (C:\\Users\\rahul\\Desktop\\Techkraft\\server\\node_modules\\jsonwebtoken\\verify.js:97:14)\n    at module.exports (C:\\Users\\rahul\\Desktop\\Techkraft\\server\\node_modules\\jsonwebtoken\\verify.js:101:10)\n    at authMiddleware (C:\\Users\\rahul\\Desktop\\Techkraft\\server\\src\\middleware\\auth.middleware.ts:22:27)\n    at Layer.handleRequest (C:\\Users\\rahul\\Desktop\\Techkraft\\server\\node_modules\\router\\lib\\layer.js:152:17)\n    at next (C:\\Users\\rahul\\Desktop\\Techkraft\\server\\node_modules\\router\\lib\\route.js:157:13)\n    at Route.dispatch (C:\\Users\\rahul\\Desktop\\Techkraft\\server\\node_modules\\router\\lib\\route.js:117:3)\n    at handle (C:\\Users\\rahul\\Desktop\\Techkraft\\server\\node_modules\\router\\index.js:435:11)\n    at Layer.handleRequest (C:\\Users\\rahul\\Desktop\\Techkraft\\server\\node_modules\\router\\lib\\layer.js:152:17)\n    at C:\\Users\\rahul\\Desktop\\Techkraft\\server\\node_modules\\router\\index.js:295:15"}
{"expiredAt":"2026-03-30T10:58:56.000Z","level":"error","message":"Invalid token jwt expired","name":"TokenExpiredError","service":"user-service","stack":"TokenExpiredError: jwt expired\n    at C:\\Users\\rahul\\Desktop\\Techkraft\\server\\node_modules\\jsonwebtoken\\verify.js:190:21\n    at getSecret (C:\\Users\\rahul\\Desktop\\Techkraft\\server\\node_modules\\jsonwebtoken\\verify.js:97:14)\n    at module.exports (C:\\Users\\rahul\\Desktop\\Techkraft\\server\\node_modules\\jsonwebtoken\\verify.js:101:10)\n    at authMiddleware (C:\\Users\\rahul\\Desktop\\Techkraft\\server\\src\\middleware\\auth.middleware.ts:22:27)\n    at Layer.handleRequest (C:\\Users\\rahul\\Desktop\\Techkraft\\server\\node_modules\\router\\lib\\layer.js:152:17)\n    at next (C:\\Users\\rahul\\Desktop\\Techkraft\\server\\node_modules\\router\\lib\\route.js:157:13)\n    at Route.dispatch (C:\\Users\\rahul\\Desktop\\Techkraft\\server\\node_modules\\router\\lib\\route.js:117:3)\n    at handle (C:\\Users\\rahul\\Desktop\\Techkraft\\server\\node_modules\\router\\index.js:435:11)\n    at Layer.handleRequest (C:\\Users\\rahul\\Desktop\\Techkraft\\server\\node_modules\\router\\lib\\layer.js:152:17)\n    at C:\\Users\\rahul\\Desktop\\Techkraft\\server\\node_modules\\router\\index.js:295:15"}
{"expiredAt":"2026-03-30T10:58:56.000Z","level":"error","message":"Invalid token jwt expired","name":"TokenExpiredError","service":"user-service","stack":"TokenExpiredError: jwt expired\n    at C:\\Users\\rahul\\Desktop\\Techkraft\\server\\node_modules\\jsonwebtoken\\verify.js:190:21\n    at getSecret (C:\\Users\\rahul\\Desktop\\Techkraft\\server\\node_modules\\jsonwebtoken\\verify.js:97:14)\n    at module.exports (C:\\Users\\rahul\\Desktop\\Techkraft\\server\\node_modules\\jsonwebtoken\\verify.js:101:10)\n    at authMiddleware (C:\\Users\\rahul\\Desktop\\Techkraft\\server\\src\\middleware\\auth.middleware.ts:22:27)\n    at Layer.handleRequest (C:\\Users\\rahul\\Desktop\\Techkraft\\server\\node_modules\\router\\lib\\layer.js:152:17)\n    at next (C:\\Users\\rahul\\Desktop\\Techkraft\\server\\node_modules\\router\\lib\\route.js:157:13)\n    at Route.dispatch (C:\\Users\\rahul\\Desktop\\Techkraft\\server\\node_modules\\router\\lib\\route.js:117:3)\n    at handle (C:\\Users\\rahul\\Desktop\\Techkraft\\server\\node_modules\\router\\index.js:435:11)\n    at Layer.handleRequest (C:\\Users\\rahul\\Desktop\\Techkraft\\server\\node_modules\\router\\lib\\layer.js:152:17)\n    at C:\\Users\\rahul\\Desktop\\Techkraft\\server\\node_modules\\router\\index.js:295:15"}
{"expiredAt":"2026-03-30T10:58:56.000Z","level":"error","message":"Invalid token jwt expired","name":"TokenExpiredError","service":"user-service","stack":"TokenExpiredError: jwt expired\n    at C:\\Users\\rahul\\Desktop\\Techkraft\\server\\node_modules\\jsonwebtoken\\verify.js:190:21\n    at getSecret (C:\\Users\\rahul\\Desktop\\Techkraft\\server\\node_modules\\jsonwebtoken\\verify.js:97:14)\n    at module.exports (C:\\Users\\rahul\\Desktop\\Techkraft\\server\\node_modules\\jsonwebtoken\\verify.js:101:10)\n    at authMiddleware (C:\\Users\\rahul\\Desktop\\Techkraft\\server\\src\\middleware\\auth.middleware.ts:22:27)\n    at Layer.handleRequest (C:\\Users\\rahul\\Desktop\\Techkraft\\server\\node_modules\\router\\lib\\layer.js:152:17)\n    at next (C:\\Users\\rahul\\Desktop\\Techkraft\\server\\node_modules\\router\\lib\\route.js:157:13)\n    at Route.dispatch (C:\\Users\\rahul\\Desktop\\Techkraft\\server\\node_modules\\router\\lib\\route.js:117:3)\n    at handle (C:\\Users\\rahul\\Desktop\\Techkraft\\server\\node_modules\\router\\index.js:435:11)\n    at Layer.handleRequest (C:\\Users\\rahul\\Desktop\\Techkraft\\server\\node_modules\\router\\lib\\layer.js:152:17)\n    at C:\\Users\\rahul\\Desktop\\Techkraft\\server\\node_modules\\router\\index.js:295:15"}
{"expiredAt":"2026-03-30T10:58:56.000Z","level":"error","message":"Invalid token jwt expired","name":"TokenExpiredError","service":"user-service","stack":"TokenExpiredError: jwt expired\n    at C:\\Users\\rahul\\Desktop\\Techkraft\\server\\node_modules\\jsonwebtoken\\verify.js:190:21\n    at getSecret (C:\\Users\\rahul\\Desktop\\Techkraft\\server\\node_modules\\jsonwebtoken\\verify.js:97:14)\n    at module.exports (C:\\Users\\rahul\\Desktop\\Techkraft\\server\\node_modules\\jsonwebtoken\\verify.js:101:10)\n    at authMiddleware (C:\\Users\\rahul\\Desktop\\Techkraft\\server\\src\\middleware\\auth.middleware.ts:22:27)\n    at Layer.handleRequest (C:\\Users\\rahul\\Desktop\\Techkraft\\server\\node_modules\\router\\lib\\layer.js:152:17)\n    at next (C:\\Users\\rahul\\Desktop\\Techkraft\\server\\node_modules\\router\\lib\\route.js:157:13)\n    at Route.dispatch (C:\\Users\\rahul\\Desktop\\Techkraft\\server\\node_modules\\router\\lib\\route.js:117:3)\n    at handle (C:\\Users\\rahul\\Desktop\\Techkraft\\server\\node_modules\\router\\index.js:435:11)\n    at Layer.handleRequest (C:\\Users\\rahul\\Desktop\\Techkraft\\server\\node_modules\\router\\lib\\layer.js:152:17)\n    at C:\\Users\\rahul\\Desktop\\Techkraft\\server\\node_modules\\router\\index.js:295:15"}
{"expiredAt":"2026-03-30T10:58:56.000Z","level":"error","message":"Invalid token jwt expired","name":"TokenExpiredError","service":"user-service","stack":"TokenExpiredError: jwt expired\n    at C:\\Users\\rahul\\Desktop\\Techkraft\\server\\node_modules\\jsonwebtoken\\verify.js:190:21\n    at getSecret (C:\\Users\\rahul\\Desktop\\Techkraft\\server\\node_modules\\jsonwebtoken\\verify.js:97:14)\n    at module.exports (C:\\Users\\rahul\\Desktop\\Techkraft\\server\\node_modules\\jsonwebtoken\\verify.js:101:10)\n    at authMiddleware (C:\\Users\\rahul\\Desktop\\Techkraft\\server\\src\\middleware\\auth.middleware.ts:22:27)\n    at Layer.handleRequest (C:\\Users\\rahul\\Desktop\\Techkraft\\server\\node_modules\\router\\lib\\layer.js:152:17)\n    at next (C:\\Users\\rahul\\Desktop\\Techkraft\\server\\node_modules\\router\\lib\\route.js:157:13)\n    at Route.dispatch (C:\\Users\\rahul\\Desktop\\Techkraft\\server\\node_modules\\router\\lib\\route.js:117:3)\n    at handle (C:\\Users\\rahul\\Desktop\\Techkraft\\server\\node_modules\\router\\index.js:435:11)\n    at Layer.handleRequest (C:\\Users\\rahul\\Desktop\\Techkraft\\server\\node_modules\\router\\lib\\layer.js:152:17)\n    at C:\\Users\\rahul\\Desktop\\Techkraft\\server\\node_modules\\router\\index.js:295:15"}
{"expiredAt":"2026-03-30T10:58:56.000Z","level":"error","message":"Invalid token jwt expired","name":"TokenExpiredError","service":"user-service","stack":"TokenExpiredError: jwt expired\n    at C:\\Users\\rahul\\Desktop\\Techkraft\\server\\node_modules\\jsonwebtoken\\verify.js:190:21\n    at getSecret (C:\\Users\\rahul\\Desktop\\Techkraft\\server\\node_modules\\jsonwebtoken\\verify.js:97:14)\n    at module.exports (C:\\Users\\rahul\\Desktop\\Techkraft\\server\\node_modules\\jsonwebtoken\\verify.js:101:10)\n    at authMiddleware (C:\\Users\\rahul\\Desktop\\Techkraft\\server\\src\\middleware\\auth.middleware.ts:22:27)\n    at Layer.handleRequest (C:\\Users\\rahul\\Desktop\\Techkraft\\server\\node_modules\\router\\lib\\layer.js:152:17)\n    at next (C:\\Users\\rahul\\Desktop\\Techkraft\\server\\node_modules\\router\\lib\\route.js:157:13)\n    at Route.dispatch (C:\\Users\\rahul\\Desktop\\Techkraft\\server\\node_modules\\router\\lib\\route.js:117:3)\n    at handle (C:\\Users\\rahul\\Desktop\\Techkraft\\server\\node_modules\\router\\index.js:435:11)\n    at Layer.handleRequest (C:\\Users\\rahul\\Desktop\\Techkraft\\server\\node_modules\\router\\lib\\layer.js:152:17)\n    at C:\\Users\\rahul\\Desktop\\Techkraft\\server\\node_modules\\router\\index.js:295:15"}
{"expiredAt":"2026-03-30T10:58:56.000Z","level":"error","message":"Invalid token jwt expired","name":"TokenExpiredError","service":"user-service","stack":"TokenExpiredError: jwt expired\n    at C:\\Users\\rahul\\Desktop\\Techkraft\\server\\node_modules\\jsonwebtoken\\verify.js:190:21\n    at getSecret (C:\\Users\\rahul\\Desktop\\Techkraft\\server\\node_modules\\jsonwebtoken\\verify.js:97:14)\n    at module.exports (C:\\Users\\rahul\\Desktop\\Techkraft\\server\\node_modules\\jsonwebtoken\\verify.js:101:10)\n    at authMiddleware (C:\\Users\\rahul\\Desktop\\Techkraft\\server\\src\\middleware\\auth.middleware.ts:22:27)\n    at Layer.handleRequest (C:\\Users\\rahul\\Desktop\\Techkraft\\server\\node_modules\\router\\lib\\layer.js:152:17)\n    at next (C:\\Users\\rahul\\Desktop\\Techkraft\\server\\node_modules\\router\\lib\\route.js:157:13)\n    at Route.dispatch (C:\\Users\\rahul\\Desktop\\Techkraft\\server\\node_modules\\router\\lib\\route.js:117:3)\n    at handle (C:\\Users\\rahul\\Desktop\\Techkraft\\server\\node_modules\\router\\index.js:435:11)\n    at Layer.handleRequest (C:\\Users\\rahul\\Desktop\\Techkraft\\server\\node_modules\\router\\lib\\layer.js:152:17)\n    at C:\\Users\\rahul\\Desktop\\Techkraft\\server\\node_modules\\router\\index.js:295:15"}
{"expiredAt":"2026-03-30T10:58:56.000Z","level":"error","message":"Invalid token jwt expired","name":"TokenExpiredError","service":"user-service","stack":"TokenExpiredError: jwt expired\n    at C:\\Users\\rahul\\Desktop\\Techkraft\\server\\node_modules\\jsonwebtoken\\verify.js:190:21\n    at getSecret (C:\\Users\\rahul\\Desktop\\Techkraft\\server\\node_modules\\jsonwebtoken\\verify.js:97:14)\n    at module.exports (C:\\Users\\rahul\\Desktop\\Techkraft\\server\\node_modules\\jsonwebtoken\\verify.js:101:10)\n    at authMiddleware (C:\\Users\\rahul\\Desktop\\Techkraft\\server\\src\\middleware\\auth.middleware.ts:22:27)\n    at Layer.handleRequest (C:\\Users\\rahul\\Desktop\\Techkraft\\server\\node_modules\\router\\lib\\layer.js:152:17)\n    at next (C:\\Users\\rahul\\Desktop\\Techkraft\\server\\node_modules\\router\\lib\\route.js:157:13)\n    at Route.dispatch (C:\\Users\\rahul\\Desktop\\Techkraft\\server\\node_modules\\router\\lib\\route.js:117:3)\n    at handle (C:\\Users\\rahul\\Desktop\\Techkraft\\server\\node_modules\\router\\index.js:435:11)\n    at Layer.handleRequest (C:\\Users\\rahul\\Desktop\\Techkraft\\server\\node_modules\\router\\lib\\layer.js:152:17)\n    at C:\\Users\\rahul\\Desktop\\Techkraft\\server\\node_modules\\router\\index.js:295:15"}
{"expiredAt":"2026-03-30T10:58:56.000Z","level":"error","message":"Invalid token jwt expired","name":"TokenExpiredError","service":"user-service","stack":"TokenExpiredError: jwt expired\n    at C:\\Users\\rahul\\Desktop\\Techkraft\\server\\node_modules\\jsonwebtoken\\verify.js:190:21\n    at getSecret (C:\\Users\\rahul\\Desktop\\Techkraft\\server\\node_modules\\jsonwebtoken\\verify.js:97:14)\n    at module.exports (C:\\Users\\rahul\\Desktop\\Techkraft\\server\\node_modules\\jsonwebtoken\\verify.js:101:10)\n    at authMiddleware (C:\\Users\\rahul\\Desktop\\Techkraft\\server\\src\\middleware\\auth.middleware.ts:22:27)\n    at Layer.handleRequest (C:\\Users\\rahul\\Desktop\\Techkraft\\server\\node_modules\\router\\lib\\layer.js:152:17)\n    at next (C:\\Users\\rahul\\Desktop\\Techkraft\\server\\node_modules\\router\\lib\\route.js:157:13)\n    at Route.dispatch (C:\\Users\\rahul\\Desktop\\Techkraft\\server\\node_modules\\router\\lib\\route.js:117:3)\n    at handle (C:\\Users\\rahul\\Desktop\\Techkraft\\server\\node_modules\\router\\index.js:435:11)\n    at Layer.handleRequest (C:\\Users\\rahul\\Desktop\\Techkraft\\server\\node_modules\\router\\lib\\layer.js:152:17)\n    at C:\\Users\\rahul\\Desktop\\Techkraft\\server\\node_modules\\router\\index.js:295:15"}
{"expiredAt":"2026-03-30T10:58:56.000Z","level":"error","message":"Invalid token jwt expired","name":"TokenExpiredError","service":"user-service","stack":"TokenExpiredError: jwt expired\n    at C:\\Users\\rahul\\Desktop\\Techkraft\\server\\node_modules\\jsonwebtoken\\verify.js:190:21\n    at getSecret (C:\\Users\\rahul\\Desktop\\Techkraft\\server\\node_modules\\jsonwebtoken\\verify.js:97:14)\n    at module.exports (C:\\Users\\rahul\\Desktop\\Techkraft\\server\\node_modules\\jsonwebtoken\\verify.js:101:10)\n    at authMiddleware (C:\\Users\\rahul\\Desktop\\Techkraft\\server\\src\\middleware\\auth.middleware.ts:22:27)\n    at Layer.handleRequest (C:\\Users\\rahul\\Desktop\\Techkraft\\server\\node_modules\\router\\lib\\layer.js:152:17)\n    at next (C:\\Users\\rahul\\Desktop\\Techkraft\\server\\node_modules\\router\\lib\\route.js:157:13)\n    at Route.dispatch (C:\\Users\\rahul\\Desktop\\Techkraft\\server\\node_modules\\router\\lib\\route.js:117:3)\n    at handle (C:\\Users\\rahul\\Desktop\\Techkraft\\server\\node_modules\\router\\index.js:435:11)\n    at Layer.handleRequest (C:\\Users\\rahul\\Desktop\\Techkraft\\server\\node_modules\\router\\lib\\layer.js:152:17)\n    at C:\\Users\\rahul\\Desktop\\Techkraft\\server\\node_modules\\router\\index.js:295:15"}
{"expiredAt":"2026-03-30T10:58:56.000Z","level":"error","message":"Invalid token jwt expired","name":"TokenExpiredError","service":"user-service","stack":"TokenExpiredError: jwt expired\n    at C:\\Users\\rahul\\Desktop\\Techkraft\\server\\node_modules\\jsonwebtoken\\verify.js:190:21\n    at getSecret (C:\\Users\\rahul\\Desktop\\Techkraft\\server\\node_modules\\jsonwebtoken\\verify.js:97:14)\n    at module.exports (C:\\Users\\rahul\\Desktop\\Techkraft\\server\\node_modules\\jsonwebtoken\\verify.js:101:10)\n    at authMiddleware (C:\\Users\\rahul\\Desktop\\Techkraft\\server\\src\\middleware\\auth.middleware.ts:22:27)\n    at Layer.handleRequest (C:\\Users\\rahul\\Desktop\\Techkraft\\server\\node_modules\\router\\lib\\layer.js:152:17)\n    at next (C:\\Users\\rahul\\Desktop\\Techkraft\\server\\node_modules\\router\\lib\\route.js:157:13)\n    at Route.dispatch (C:\\Users\\rahul\\Desktop\\Techkraft\\server\\node_modules\\router\\lib\\route.js:117:3)\n    at handle (C:\\Users\\rahul\\Desktop\\Techkraft\\server\\node_modules\\router\\index.js:435:11)\n    at Layer.handleRequest (C:\\Users\\rahul\\Desktop\\Techkraft\\server\\node_modules\\router\\lib\\layer.js:152:17)\n    at C:\\Users\\rahul\\Desktop\\Techkraft\\server\\node_modules\\router\\index.js:295:15"}
{"expiredAt":"2026-03-30T10:58:56.000Z","level":"error","message":"Invalid token jwt expired","name":"TokenExpiredError","service":"user-service","stack":"TokenExpiredError: jwt expired\n    at C:\\Users\\rahul\\Desktop\\Techkraft\\server\\node_modules\\jsonwebtoken\\verify.js:190:21\n    at getSecret (C:\\Users\\rahul\\Desktop\\Techkraft\\server\\node_modules\\jsonwebtoken\\verify.js:97:14)\n    at module.exports (C:\\Users\\rahul\\Desktop\\Techkraft\\server\\node_modules\\jsonwebtoken\\verify.js:101:10)\n    at authMiddleware (C:\\Users\\rahul\\Desktop\\Techkraft\\server\\src\\middleware\\auth.middleware.ts:22:27)\n    at Layer.handleRequest (C:\\Users\\rahul\\Desktop\\Techkraft\\server\\node_modules\\router\\lib\\layer.js:152:17)\n    at next (C:\\Users\\rahul\\Desktop\\Techkraft\\server\\node_modules\\router\\lib\\route.js:157:13)\n    at Route.dispatch (C:\\Users\\rahul\\Desktop\\Techkraft\\server\\node_modules\\router\\lib\\route.js:117:3)\n    at handle (C:\\Users\\rahul\\Desktop\\Techkraft\\server\\node_modules\\router\\index.js:435:11)\n    at Layer.handleRequest (C:\\Users\\rahul\\Desktop\\Techkraft\\server\\node_modules\\router\\lib\\layer.js:152:17)\n    at C:\\Users\\rahul\\Desktop\\Techkraft\\server\\node_modules\\router\\index.js:295:15"}
{"expiredAt":"2026-03-30T10:58:56.000Z","level":"error","message":"Invalid token jwt expired","name":"TokenExpiredError","service":"user-service","stack":"TokenExpiredError: jwt expired\n    at C:\\Users\\rahul\\Desktop\\Techkraft\\server\\node_modules\\jsonwebtoken\\verify.js:190:21\n    at getSecret (C:\\Users\\rahul\\Desktop\\Techkraft\\server\\node_modules\\jsonwebtoken\\verify.js:97:14)\n    at module.exports (C:\\Users\\rahul\\Desktop\\Techkraft\\server\\node_modules\\jsonwebtoken\\verify.js:101:10)\n    at authMiddleware (C:\\Users\\rahul\\Desktop\\Techkraft\\server\\src\\middleware\\auth.middleware.ts:22:27)\n    at Layer.handleRequest (C:\\Users\\rahul\\Desktop\\Techkraft\\server\\node_modules\\router\\lib\\layer.js:152:17)\n    at next (C:\\Users\\rahul\\Desktop\\Techkraft\\server\\node_modules\\router\\lib\\route.js:157:13)\n    at Route.dispatch (C:\\Users\\rahul\\Desktop\\Techkraft\\server\\node_modules\\router\\lib\\route.js:117:3)\n    at handle (C:\\Users\\rahul\\Desktop\\Techkraft\\server\\node_modules\\router\\index.js:435:11)\n    at Layer.handleRequest (C:\\Users\\rahul\\Desktop\\Techkraft\\server\\node_modules\\router\\lib\\layer.js:152:17)\n    at C:\\Users\\rahul\\Desktop\\Techkraft\\server\\node_modules\\router\\index.js:295:15"}
{"expiredAt":"2026-03-30T10:58:56.000Z","level":"error","message":"Invalid token jwt expired","name":"TokenExpiredError","service":"user-service","stack":"TokenExpiredError: jwt expired\n    at C:\\Users\\rahul\\Desktop\\Techkraft\\server\\node_modules\\jsonwebtoken\\verify.js:190:21\n    at getSecret (C:\\Users\\rahul\\Desktop\\Techkraft\\server\\node_modules\\jsonwebtoken\\verify.js:97:14)\n    at module.exports (C:\\Users\\rahul\\Desktop\\Techkraft\\server\\node_modules\\jsonwebtoken\\verify.js:101:10)\n    at authMiddleware (C:\\Users\\rahul\\Desktop\\Techkraft\\server\\src\\middleware\\auth.middleware.ts:22:27)\n    at Layer.handleRequest (C:\\Users\\rahul\\Desktop\\Techkraft\\server\\node_modules\\router\\lib\\layer.js:152:17)\n    at next (C:\\Users\\rahul\\Desktop\\Techkraft\\server\\node_modules\\router\\lib\\route.js:157:13)\n    at Route.dispatch (C:\\Users\\rahul\\Desktop\\Techkraft\\server\\node_modules\\router\\lib\\route.js:117:3)\n    at handle (C:\\Users\\rahul\\Desktop\\Techkraft\\server\\node_modules\\router\\index.js:435:11)\n    at Layer.handleRequest (C:\\Users\\rahul\\Desktop\\Techkraft\\server\\node_modules\\router\\lib\\layer.js:152:17)\n    at C:\\Users\\rahul\\Desktop\\Techkraft\\server\\node_modules\\router\\index.js:295:15"}
{"expiredAt":"2026-03-30T10:58:56.000Z","level":"error","message":"Invalid token jwt expired","name":"TokenExpiredError","service":"user-service","stack":"TokenExpiredError: jwt expired\n    at C:\\Users\\rahul\\Desktop\\Techkraft\\server\\node_modules\\jsonwebtoken\\verify.js:190:21\n    at getSecret (C:\\Users\\rahul\\Desktop\\Techkraft\\server\\node_modules\\jsonwebtoken\\verify.js:97:14)\n    at module.exports (C:\\Users\\rahul\\Desktop\\Techkraft\\server\\node_modules\\jsonwebtoken\\verify.js:101:10)\n    at authMiddleware (C:\\Users\\rahul\\Desktop\\Techkraft\\server\\src\\middleware\\auth.middleware.ts:22:27)\n    at Layer.handleRequest (C:\\Users\\rahul\\Desktop\\Techkraft\\server\\node_modules\\router\\lib\\layer.js:152:17)\n    at next (C:\\Users\\rahul\\Desktop\\Techkraft\\server\\node_modules\\router\\lib\\route.js:157:13)\n    at Route.dispatch (C:\\Users\\rahul\\Desktop\\Techkraft\\server\\node_modules\\router\\lib\\route.js:117:3)\n    at handle (C:\\Users\\rahul\\Desktop\\Techkraft\\server\\node_modules\\router\\index.js:435:11)\n    at Layer.handleRequest (C:\\Users\\rahul\\Desktop\\Techkraft\\server\\node_modules\\router\\lib\\layer.js:152:17)\n    at C:\\Users\\rahul\\Desktop\\Techkraft\\server\\node_modules\\router\\index.js:295:15"}
{"expiredAt":"2026-03-30T10:58:56.000Z","level":"error","message":"Invalid token jwt expired","name":"TokenExpiredError","service":"user-service","stack":"TokenExpiredError: jwt expired\n    at C:\\Users\\rahul\\Desktop\\Techkraft\\server\\node_modules\\jsonwebtoken\\verify.js:190:21\n    at getSecret (C:\\Users\\rahul\\Desktop\\Techkraft\\server\\node_modules\\jsonwebtoken\\verify.js:97:14)\n    at module.exports (C:\\Users\\rahul\\Desktop\\Techkraft\\server\\node_modules\\jsonwebtoken\\verify.js:101:10)\n    at authMiddleware (C:\\Users\\rahul\\Desktop\\Techkraft\\server\\src\\middleware\\auth.middleware.ts:22:27)\n    at Layer.handleRequest (C:\\Users\\rahul\\Desktop\\Techkraft\\server\\node_modules\\router\\lib\\layer.js:152:17)\n    at next (C:\\Users\\rahul\\Desktop\\Techkraft\\server\\node_modules\\router\\lib\\route.js:157:13)\n    at Route.dispatch (C:\\Users\\rahul\\Desktop\\Techkraft\\server\\node_modules\\router\\lib\\route.js:117:3)\n    at handle (C:\\Users\\rahul\\Desktop\\Techkraft\\server\\node_modules\\router\\index.js:435:11)\n    at Layer.handleRequest (C:\\Users\\rahul\\Desktop\\Techkraft\\server\\node_modules\\router\\lib\\layer.js:152:17)\n    at C:\\Users\\rahul\\Desktop\\Techkraft\\server\\node_modules\\router\\index.js:295:15"}
{"expiredAt":"2026-03-30T10:58:56.000Z","level":"error","message":"Invalid token jwt expired","name":"TokenExpiredError","service":"user-service","stack":"TokenExpiredError: jwt expired\n    at C:\\Users\\rahul\\Desktop\\Techkraft\\server\\node_modules\\jsonwebtoken\\verify.js:190:21\n    at getSecret (C:\\Users\\rahul\\Desktop\\Techkraft\\server\\node_modules\\jsonwebtoken\\verify.js:97:14)\n    at module.exports (C:\\Users\\rahul\\Desktop\\Techkraft\\server\\node_modules\\jsonwebtoken\\verify.js:101:10)\n    at authMiddleware (C:\\Users\\rahul\\Desktop\\Techkraft\\server\\src\\middleware\\auth.middleware.ts:22:27)\n    at Layer.handleRequest (C:\\Users\\rahul\\Desktop\\Techkraft\\server\\node_modules\\router\\lib\\layer.js:152:17)\n    at next (C:\\Users\\rahul\\Desktop\\Techkraft\\server\\node_modules\\router\\lib\\route.js:157:13)\n    at Route.dispatch (C:\\Users\\rahul\\Desktop\\Techkraft\\server\\node_modules\\router\\lib\\route.js:117:3)\n    at handle (C:\\Users\\rahul\\Desktop\\Techkraft\\server\\node_modules\\router\\index.js:435:11)\n    at Layer.handleRequest (C:\\Users\\rahul\\Desktop\\Techkraft\\server\\node_modules\\router\\lib\\layer.js:152:17)\n    at C:\\Users\\rahul\\Desktop\\Techkraft\\server\\node_modules\\router\\index.js:295:15"}
{"expiredAt":"2026-03-30T10:58:56.000Z","level":"error","message":"Invalid token jwt expired","name":"TokenExpiredError","service":"user-service","stack":"TokenExpiredError: jwt expired\n    at C:\\Users\\rahul\\Desktop\\Techkraft\\server\\node_modules\\jsonwebtoken\\verify.js:190:21\n    at getSecret (C:\\Users\\rahul\\Desktop\\Techkraft\\server\\node_modules\\jsonwebtoken\\verify.js:97:14)\n    at module.exports (C:\\Users\\rahul\\Desktop\\Techkraft\\server\\node_modules\\jsonwebtoken\\verify.js:101:10)\n    at authMiddleware (C:\\Users\\rahul\\Desktop\\Techkraft\\server\\src\\middleware\\auth.middleware.ts:22:27)\n    at Layer.handleRequest (C:\\Users\\rahul\\Desktop\\Techkraft\\server\\node_modules\\router\\lib\\layer.js:152:17)\n    at next (C:\\Users\\rahul\\Desktop\\Techkraft\\server\\node_modules\\router\\lib\\route.js:157:13)\n    at Route.dispatch (C:\\Users\\rahul\\Desktop\\Techkraft\\server\\node_modules\\router\\lib\\route.js:117:3)\n    at handle (C:\\Users\\rahul\\Desktop\\Techkraft\\server\\node_modules\\router\\index.js:435:11)\n    at Layer.handleRequest (C:\\Users\\rahul\\Desktop\\Techkraft\\server\\node_modules\\router\\lib\\layer.js:152:17)\n    at C:\\Users\\rahul\\Desktop\\Techkraft\\server\\node_modules\\router\\index.js:295:15"}
{"expiredAt":"2026-03-30T10:58:56.000Z","level":"error","message":"Invalid token jwt expired","name":"TokenExpiredError","service":"user-service","stack":"TokenExpiredError: jwt expired\n    at C:\\Users\\rahul\\Desktop\\Techkraft\\server\\node_modules\\jsonwebtoken\\verify.js:190:21\n    at getSecret (C:\\Users\\rahul\\Desktop\\Techkraft\\server\\node_modules\\jsonwebtoken\\verify.js:97:14)\n    at module.exports (C:\\Users\\rahul\\Desktop\\Techkraft\\server\\node_modules\\jsonwebtoken\\verify.js:101:10)\n    at authMiddleware (C:\\Users\\rahul\\Desktop\\Techkraft\\server\\src\\middleware\\auth.middleware.ts:22:27)\n    at Layer.handleRequest (C:\\Users\\rahul\\Desktop\\Techkraft\\server\\node_modules\\router\\lib\\layer.js:152:17)\n    at next (C:\\Users\\rahul\\Desktop\\Techkraft\\server\\node_modules\\router\\lib\\route.js:157:13)\n    at Route.dispatch (C:\\Users\\rahul\\Desktop\\Techkraft\\server\\node_modules\\router\\lib\\route.js:117:3)\n    at handle (C:\\Users\\rahul\\Desktop\\Techkraft\\server\\node_modules\\router\\index.js:435:11)\n    at Layer.handleRequest (C:\\Users\\rahul\\Desktop\\Techkraft\\server\\node_modules\\router\\lib\\layer.js:152:17)\n    at C:\\Users\\rahul\\Desktop\\Techkraft\\server\\node_modules\\router\\index.js:295:15"}
{"expiredAt":"2026-03-30T10:58:56.000Z","level":"error","message":"Invalid token jwt expired","name":"TokenExpiredError","service":"user-service","stack":"TokenExpiredError: jwt expired\n    at C:\\Users\\rahul\\Desktop\\Techkraft\\server\\node_modules\\jsonwebtoken\\verify.js:190:21\n    at getSecret (C:\\Users\\rahul\\Desktop\\Techkraft\\server\\node_modules\\jsonwebtoken\\verify.js:97:14)\n    at module.exports (C:\\Users\\rahul\\Desktop\\Techkraft\\server\\node_modules\\jsonwebtoken\\verify.js:101:10)\n    at authMiddleware (C:\\Users\\rahul\\Desktop\\Techkraft\\server\\src\\middleware\\auth.middleware.ts:22:27)\n    at Layer.handleRequest (C:\\Users\\rahul\\Desktop\\Techkraft\\server\\node_modules\\router\\lib\\layer.js:152:17)\n    at next (C:\\Users\\rahul\\Desktop\\Techkraft\\server\\node_modules\\router\\lib\\route.js:157:13)\n    at Route.dispatch (C:\\Users\\rahul\\Desktop\\Techkraft\\server\\node_modules\\router\\lib\\route.js:117:3)\n    at handle (C:\\Users\\rahul\\Desktop\\Techkraft\\server\\node_modules\\router\\index.js:435:11)\n    at Layer.handleRequest (C:\\Users\\rahul\\Desktop\\Techkraft\\server\\node_modules\\router\\lib\\layer.js:152:17)\n    at C:\\Users\\rahul\\Desktop\\Techkraft\\server\\node_modules\\router\\index.js:295:15"}
{"expiredAt":"2026-03-30T10:58:56.000Z","level":"error","message":"Invalid token jwt expired","name":"TokenExpiredError","service":"user-service","stack":"TokenExpiredError: jwt expired\n    at C:\\Users\\rahul\\Desktop\\Techkraft\\server\\node_modules\\jsonwebtoken\\verify.js:190:21\n    at getSecret (C:\\Users\\rahul\\Desktop\\Techkraft\\server\\node_modules\\jsonwebtoken\\verify.js:97:14)\n    at module.exports (C:\\Users\\rahul\\Desktop\\Techkraft\\server\\node_modules\\jsonwebtoken\\verify.js:101:10)\n    at authMiddleware (C:\\Users\\rahul\\Desktop\\Techkraft\\server\\src\\middleware\\auth.middleware.ts:22:27)\n    at Layer.handleRequest (C:\\Users\\rahul\\Desktop\\Techkraft\\server\\node_modules\\router\\lib\\layer.js:152:17)\n    at next (C:\\Users\\rahul\\Desktop\\Techkraft\\server\\node_modules\\router\\lib\\route.js:157:13)\n    at Route.dispatch (C:\\Users\\rahul\\Desktop\\Techkraft\\server\\node_modules\\router\\lib\\route.js:117:3)\n    at handle (C:\\Users\\rahul\\Desktop\\Techkraft\\server\\node_modules\\router\\index.js:435:11)\n    at Layer.handleRequest (C:\\Users\\rahul\\Desktop\\Techkraft\\server\\node_modules\\router\\lib\\layer.js:152:17)\n    at C:\\Users\\rahul\\Desktop\\Techkraft\\server\\node_modules\\router\\index.js:295:15"}
{"expiredAt":"2026-03-30T10:58:56.000Z","level":"error","message":"Invalid token jwt expired","name":"TokenExpiredError","service":"user-service","stack":"TokenExpiredError: jwt expired\n    at C:\\Users\\rahul\\Desktop\\Techkraft\\server\\node_modules\\jsonwebtoken\\verify.js:190:21\n    at getSecret (C:\\Users\\rahul\\Desktop\\Techkraft\\server\\node_modules\\jsonwebtoken\\verify.js:97:14)\n    at module.exports (C:\\Users\\rahul\\Desktop\\Techkraft\\server\\node_modules\\jsonwebtoken\\verify.js:101:10)\n    at authMiddleware (C:\\Users\\rahul\\Desktop\\Techkraft\\server\\src\\middleware\\auth.middleware.ts:22:27)\n    at Layer.handleRequest (C:\\Users\\rahul\\Desktop\\Techkraft\\server\\node_modules\\router\\lib\\layer.js:152:17)\n    at next (C:\\Users\\rahul\\Desktop\\Techkraft\\server\\node_modules\\router\\lib\\route.js:157:13)\n    at Route.dispatch (C:\\Users\\rahul\\Desktop\\Techkraft\\server\\node_modules\\router\\lib\\route.js:117:3)\n    at handle (C:\\Users\\rahul\\Desktop\\Techkraft\\server\\node_modules\\router\\index.js:435:11)\n    at Layer.handleRequest (C:\\Users\\rahul\\Desktop\\Techkraft\\server\\node_modules\\router\\lib\\layer.js:152:17)\n    at C:\\Users\\rahul\\Desktop\\Techkraft\\server\\node_modules\\router\\index.js:295:15"}
{"expiredAt":"2026-03-30T10:58:56.000Z","level":"error","message":"Invalid token jwt expired","name":"TokenExpiredError","service":"user-service","stack":"TokenExpiredError: jwt expired\n    at C:\\Users\\rahul\\Desktop\\Techkraft\\server\\node_modules\\jsonwebtoken\\verify.js:190:21\n    at getSecret (C:\\Users\\rahul\\Desktop\\Techkraft\\server\\node_modules\\jsonwebtoken\\verify.js:97:14)\n    at module.exports (C:\\Users\\rahul\\Desktop\\Techkraft\\server\\node_modules\\jsonwebtoken\\verify.js:101:10)\n    at authMiddleware (C:\\Users\\rahul\\Desktop\\Techkraft\\server\\src\\middleware\\auth.middleware.ts:21:27)\n    at Layer.handleRequest (C:\\Users\\rahul\\Desktop\\Techkraft\\server\\node_modules\\router\\lib\\layer.js:152:17)\n    at next (C:\\Users\\rahul\\Desktop\\Techkraft\\server\\node_modules\\router\\lib\\route.js:157:13)\n    at Route.dispatch (C:\\Users\\rahul\\Desktop\\Techkraft\\server\\node_modules\\router\\lib\\route.js:117:3)\n    at handle (C:\\Users\\rahul\\Desktop\\Techkraft\\server\\node_modules\\router\\index.js:435:11)\n    at Layer.handleRequest (C:\\Users\\rahul\\Desktop\\Techkraft\\server\\node_modules\\router\\lib\\layer.js:152:17)\n    at C:\\Users\\rahul\\Desktop\\Techkraft\\server\\node_modules\\router\\index.js:295:15"}
{"expiredAt":"2026-03-30T10:58:56.000Z","level":"error","message":"Invalid token jwt expired","name":"TokenExpiredError","service":"user-service","stack":"TokenExpiredError: jwt expired\n    at C:\\Users\\rahul\\Desktop\\Techkraft\\server\\node_modules\\jsonwebtoken\\verify.js:190:21\n    at getSecret (C:\\Users\\rahul\\Desktop\\Techkraft\\server\\node_modules\\jsonwebtoken\\verify.js:97:14)\n    at module.exports (C:\\Users\\rahul\\Desktop\\Techkraft\\server\\node_modules\\jsonwebtoken\\verify.js:101:10)\n    at authMiddleware (C:\\Users\\rahul\\Desktop\\Techkraft\\server\\src\\middleware\\auth.middleware.ts:21:27)\n    at Layer.handleRequest (C:\\Users\\rahul\\Desktop\\Techkraft\\server\\node_modules\\router\\lib\\layer.js:152:17)\n    at next (C:\\Users\\rahul\\Desktop\\Techkraft\\server\\node_modules\\router\\lib\\route.js:157:13)\n    at Route.dispatch (C:\\Users\\rahul\\Desktop\\Techkraft\\server\\node_modules\\router\\lib\\route.js:117:3)\n    at handle (C:\\Users\\rahul\\Desktop\\Techkraft\\server\\node_modules\\router\\index.js:435:11)\n    at Layer.handleRequest (C:\\Users\\rahul\\Desktop\\Techkraft\\server\\node_modules\\router\\lib\\layer.js:152:17)\n    at C:\\Users\\rahul\\Desktop\\Techkraft\\server\\node_modules\\router\\index.js:295:15"}
{"expiredAt":"2026-03-30T10:58:56.000Z","level":"error","message":"Invalid token jwt expired","name":"TokenExpiredError","service":"user-service","stack":"TokenExpiredError: jwt expired\n    at C:\\Users\\rahul\\Desktop\\Techkraft\\server\\node_modules\\jsonwebtoken\\verify.js:190:21\n    at getSecret (C:\\Users\\rahul\\Desktop\\Techkraft\\server\\node_modules\\jsonwebtoken\\verify.js:97:14)\n    at module.exports (C:\\Users\\rahul\\Desktop\\Techkraft\\server\\node_modules\\jsonwebtoken\\verify.js:101:10)\n    at authMiddleware (C:\\Users\\rahul\\Desktop\\Techkraft\\server\\src\\middleware\\auth.middleware.ts:21:27)\n    at Layer.handleRequest (C:\\Users\\rahul\\Desktop\\Techkraft\\server\\node_modules\\router\\lib\\layer.js:152:17)\n    at next (C:\\Users\\rahul\\Desktop\\Techkraft\\server\\node_modules\\router\\lib\\route.js:157:13)\n    at Route.dispatch (C:\\Users\\rahul\\Desktop\\Techkraft\\server\\node_modules\\router\\lib\\route.js:117:3)\n    at handle (C:\\Users\\rahul\\Desktop\\Techkraft\\server\\node_modules\\router\\index.js:435:11)\n    at Layer.handleRequest (C:\\Users\\rahul\\Desktop\\Techkraft\\server\\node_modules\\router\\lib\\layer.js:152:17)\n    at C:\\Users\\rahul\\Desktop\\Techkraft\\server\\node_modules\\router\\index.js:295:15"}
{"expiredAt":"2026-03-30T10:58:56.000Z","level":"error","message":"Invalid token jwt expired","name":"TokenExpiredError","service":"user-service","stack":"TokenExpiredError: jwt expired\n    at C:\\Users\\rahul\\Desktop\\Techkraft\\server\\node_modules\\jsonwebtoken\\verify.js:190:21\n    at getSecret (C:\\Users\\rahul\\Desktop\\Techkraft\\server\\node_modules\\jsonwebtoken\\verify.js:97:14)\n    at module.exports (C:\\Users\\rahul\\Desktop\\Techkraft\\server\\node_modules\\jsonwebtoken\\verify.js:101:10)\n    at authMiddleware (C:\\Users\\rahul\\Desktop\\Techkraft\\server\\src\\middleware\\auth.middleware.ts:21:27)\n    at Layer.handleRequest (C:\\Users\\rahul\\Desktop\\Techkraft\\server\\node_modules\\router\\lib\\layer.js:152:17)\n    at next (C:\\Users\\rahul\\Desktop\\Techkraft\\server\\node_modules\\router\\lib\\route.js:157:13)\n    at Route.dispatch (C:\\Users\\rahul\\Desktop\\Techkraft\\server\\node_modules\\router\\lib\\route.js:117:3)\n    at handle (C:\\Users\\rahul\\Desktop\\Techkraft\\server\\node_modules\\router\\index.js:435:11)\n    at Layer.handleRequest (C:\\Users\\rahul\\Desktop\\Techkraft\\server\\node_modules\\router\\lib\\layer.js:152:17)\n    at C:\\Users\\rahul\\Desktop\\Techkraft\\server\\node_modules\\router\\index.js:295:15"}
{"expiredAt":"2026-03-30T10:58:56.000Z","level":"error","message":"Invalid token jwt expired","name":"TokenExpiredError","service":"user-service","stack":"TokenExpiredError: jwt expired\n    at C:\\Users\\rahul\\Desktop\\Techkraft\\server\\node_modules\\jsonwebtoken\\verify.js:190:21\n    at getSecret (C:\\Users\\rahul\\Desktop\\Techkraft\\server\\node_modules\\jsonwebtoken\\verify.js:97:14)\n    at module.exports (C:\\Users\\rahul\\Desktop\\Techkraft\\server\\node_modules\\jsonwebtoken\\verify.js:101:10)\n    at authMiddleware (C:\\Users\\rahul\\Desktop\\Techkraft\\server\\src\\middleware\\auth.middleware.ts:21:27)\n    at Layer.handleRequest (C:\\Users\\rahul\\Desktop\\Techkraft\\server\\node_modules\\router\\lib\\layer.js:152:17)\n    at next (C:\\Users\\rahul\\Desktop\\Techkraft\\server\\node_modules\\router\\lib\\route.js:157:13)\n    at Route.dispatch (C:\\Users\\rahul\\Desktop\\Techkraft\\server\\node_modules\\router\\lib\\route.js:117:3)\n    at handle (C:\\Users\\rahul\\Desktop\\Techkraft\\server\\node_modules\\router\\index.js:435:11)\n    at Layer.handleRequest (C:\\Users\\rahul\\Desktop\\Techkraft\\server\\node_modules\\router\\lib\\layer.js:152:17)\n    at C:\\Users\\rahul\\Desktop\\Techkraft\\server\\node_modules\\router\\index.js:295:15"}
{"expiredAt":"2026-03-30T10:58:56.000Z","level":"error","message":"Invalid token jwt expired","name":"TokenExpiredError","service":"user-service","stack":"TokenExpiredError: jwt expired\n    at C:\\Users\\rahul\\Desktop\\Techkraft\\server\\node_modules\\jsonwebtoken\\verify.js:190:21\n    at getSecret (C:\\Users\\rahul\\Desktop\\Techkraft\\server\\node_modules\\jsonwebtoken\\verify.js:97:14)\n    at module.exports (C:\\Users\\rahul\\Desktop\\Techkraft\\server\\node_modules\\jsonwebtoken\\verify.js:101:10)\n    at authMiddleware (C:\\Users\\rahul\\Desktop\\Techkraft\\server\\src\\middleware\\auth.middleware.ts:21:27)\n    at Layer.handleRequest (C:\\Users\\rahul\\Desktop\\Techkraft\\server\\node_modules\\router\\lib\\layer.js:152:17)\n    at next (C:\\Users\\rahul\\Desktop\\Techkraft\\server\\node_modules\\router\\lib\\route.js:157:13)\n    at Route.dispatch (C:\\Users\\rahul\\Desktop\\Techkraft\\server\\node_modules\\router\\lib\\route.js:117:3)\n    at handle (C:\\Users\\rahul\\Desktop\\Techkraft\\server\\node_modules\\router\\index.js:435:11)\n    at Layer.handleRequest (C:\\Users\\rahul\\Desktop\\Techkraft\\server\\node_modules\\router\\lib\\layer.js:152:17)\n    at C:\\Users\\rahul\\Desktop\\Techkraft\\server\\node_modules\\router\\index.js:295:15"}
{"expiredAt":"2026-03-30T10:58:56.000Z","level":"error","message":"Invalid token jwt expired","name":"TokenExpiredError","service":"user-service","stack":"TokenExpiredError: jwt expired\n    at C:\\Users\\rahul\\Desktop\\Techkraft\\server\\node_modules\\jsonwebtoken\\verify.js:190:21\n    at getSecret (C:\\Users\\rahul\\Desktop\\Techkraft\\server\\node_modules\\jsonwebtoken\\verify.js:97:14)\n    at module.exports (C:\\Users\\rahul\\Desktop\\Techkraft\\server\\node_modules\\jsonwebtoken\\verify.js:101:10)\n    at authMiddleware (C:\\Users\\rahul\\Desktop\\Techkraft\\server\\src\\middleware\\auth.middleware.ts:21:27)\n    at Layer.handleRequest (C:\\Users\\rahul\\Desktop\\Techkraft\\server\\node_modules\\router\\lib\\layer.js:152:17)\n    at next (C:\\Users\\rahul\\Desktop\\Techkraft\\server\\node_modules\\router\\lib\\route.js:157:13)\n    at Route.dispatch (C:\\Users\\rahul\\Desktop\\Techkraft\\server\\node_modules\\router\\lib\\route.js:117:3)\n    at handle (C:\\Users\\rahul\\Desktop\\Techkraft\\server\\node_modules\\router\\index.js:435:11)\n    at Layer.handleRequest (C:\\Users\\rahul\\Desktop\\Techkraft\\server\\node_modules\\router\\lib\\layer.js:152:17)\n    at C:\\Users\\rahul\\Desktop\\Techkraft\\server\\node_modules\\router\\index.js:295:15"}
{"expiredAt":"2026-03-30T10:58:56.000Z","level":"error","message":"Invalid token jwt expired","name":"TokenExpiredError","service":"user-service","stack":"TokenExpiredError: jwt expired\n    at C:\\Users\\rahul\\Desktop\\Techkraft\\server\\node_modules\\jsonwebtoken\\verify.js:190:21\n    at getSecret (C:\\Users\\rahul\\Desktop\\Techkraft\\server\\node_modules\\jsonwebtoken\\verify.js:97:14)\n    at module.exports (C:\\Users\\rahul\\Desktop\\Techkraft\\server\\node_modules\\jsonwebtoken\\verify.js:101:10)\n    at authMiddleware (C:\\Users\\rahul\\Desktop\\Techkraft\\server\\src\\middleware\\auth.middleware.ts:21:27)\n    at Layer.handleRequest (C:\\Users\\rahul\\Desktop\\Techkraft\\server\\node_modules\\router\\lib\\layer.js:152:17)\n    at next (C:\\Users\\rahul\\Desktop\\Techkraft\\server\\node_modules\\router\\lib\\route.js:157:13)\n    at Route.dispatch (C:\\Users\\rahul\\Desktop\\Techkraft\\server\\node_modules\\router\\lib\\route.js:117:3)\n    at handle (C:\\Users\\rahul\\Desktop\\Techkraft\\server\\node_modules\\router\\index.js:435:11)\n    at Layer.handleRequest (C:\\Users\\rahul\\Desktop\\Techkraft\\server\\node_modules\\router\\lib\\layer.js:152:17)\n    at C:\\Users\\rahul\\Desktop\\Techkraft\\server\\node_modules\\router\\index.js:295:15"}
{"expiredAt":"2026-03-30T10:58:56.000Z","level":"error","message":"Invalid token jwt expired","name":"TokenExpiredError","service":"user-service","stack":"TokenExpiredError: jwt expired\n    at C:\\Users\\rahul\\Desktop\\Techkraft\\server\\node_modules\\jsonwebtoken\\verify.js:190:21\n    at getSecret (C:\\Users\\rahul\\Desktop\\Techkraft\\server\\node_modules\\jsonwebtoken\\verify.js:97:14)\n    at module.exports (C:\\Users\\rahul\\Desktop\\Techkraft\\server\\node_modules\\jsonwebtoken\\verify.js:101:10)\n    at authMiddleware (C:\\Users\\rahul\\Desktop\\Techkraft\\server\\src\\middleware\\auth.middleware.ts:21:27)\n    at Layer.handleRequest (C:\\Users\\rahul\\Desktop\\Techkraft\\server\\node_modules\\router\\lib\\layer.js:152:17)\n    at next (C:\\Users\\rahul\\Desktop\\Techkraft\\server\\node_modules\\router\\lib\\route.js:157:13)\n    at Route.dispatch (C:\\Users\\rahul\\Desktop\\Techkraft\\server\\node_modules\\router\\lib\\route.js:117:3)\n    at handle (C:\\Users\\rahul\\Desktop\\Techkraft\\server\\node_modules\\router\\index.js:435:11)\n    at Layer.handleRequest (C:\\Users\\rahul\\Desktop\\Techkraft\\server\\node_modules\\router\\lib\\layer.js:152:17)\n    at C:\\Users\\rahul\\Desktop\\Techkraft\\server\\node_modules\\router\\index.js:295:15"}
{"expiredAt":"2026-03-30T10:58:56.000Z","level":"error","message":"Invalid token jwt expired","name":"TokenExpiredError","service":"user-service","stack":"TokenExpiredError: jwt expired\n    at C:\\Users\\rahul\\Desktop\\Techkraft\\server\\node_modules\\jsonwebtoken\\verify.js:190:21\n    at getSecret (C:\\Users\\rahul\\Desktop\\Techkraft\\server\\node_modules\\jsonwebtoken\\verify.js:97:14)\n    at module.exports (C:\\Users\\rahul\\Desktop\\Techkraft\\server\\node_modules\\jsonwebtoken\\verify.js:101:10)\n    at authMiddleware (C:\\Users\\rahul\\Desktop\\Techkraft\\server\\src\\middleware\\auth.middleware.ts:21:27)\n    at Layer.handleRequest (C:\\Users\\rahul\\Desktop\\Techkraft\\server\\node_modules\\router\\lib\\layer.js:152:17)\n    at next (C:\\Users\\rahul\\Desktop\\Techkraft\\server\\node_modules\\router\\lib\\route.js:157:13)\n    at Route.dispatch (C:\\Users\\rahul\\Desktop\\Techkraft\\server\\node_modules\\router\\lib\\route.js:117:3)\n    at handle (C:\\Users\\rahul\\Desktop\\Techkraft\\server\\node_modules\\router\\index.js:435:11)\n    at Layer.handleRequest (C:\\Users\\rahul\\Desktop\\Techkraft\\server\\node_modules\\router\\lib\\layer.js:152:17)\n    at C:\\Users\\rahul\\Desktop\\Techkraft\\server\\node_modules\\router\\index.js:295:15"}
{"expiredAt":"2026-03-30T10:58:56.000Z","level":"error","message":"Invalid token jwt expired","name":"TokenExpiredError","service":"user-service","stack":"TokenExpiredError: jwt expired\n    at C:\\Users\\rahul\\Desktop\\Techkraft\\server\\node_modules\\jsonwebtoken\\verify.js:190:21\n    at getSecret (C:\\Users\\rahul\\Desktop\\Techkraft\\server\\node_modules\\jsonwebtoken\\verify.js:97:14)\n    at module.exports (C:\\Users\\rahul\\Desktop\\Techkraft\\server\\node_modules\\jsonwebtoken\\verify.js:101:10)\n    at authMiddleware (C:\\Users\\rahul\\Desktop\\Techkraft\\server\\src\\middleware\\auth.middleware.ts:21:27)\n    at Layer.handleRequest (C:\\Users\\rahul\\Desktop\\Techkraft\\server\\node_modules\\router\\lib\\layer.js:152:17)\n    at next (C:\\Users\\rahul\\Desktop\\Techkraft\\server\\node_modules\\router\\lib\\route.js:157:13)\n    at Route.dispatch (C:\\Users\\rahul\\Desktop\\Techkraft\\server\\node_modules\\router\\lib\\route.js:117:3)\n    at handle (C:\\Users\\rahul\\Desktop\\Techkraft\\server\\node_modules\\router\\index.js:435:11)\n    at Layer.handleRequest (C:\\Users\\rahul\\Desktop\\Techkraft\\server\\node_modules\\router\\lib\\layer.js:152:17)\n    at C:\\Users\\rahul\\Desktop\\Techkraft\\server\\node_modules\\router\\index.js:295:15"}
{"expiredAt":"2026-03-30T10:58:56.000Z","level":"error","message":"Invalid token jwt expired","name":"TokenExpiredError","service":"user-service","stack":"TokenExpiredError: jwt expired\n    at C:\\Users\\rahul\\Desktop\\Techkraft\\server\\node_modules\\jsonwebtoken\\verify.js:190:21\n    at getSecret (C:\\Users\\rahul\\Desktop\\Techkraft\\server\\node_modules\\jsonwebtoken\\verify.js:97:14)\n    at module.exports (C:\\Users\\rahul\\Desktop\\Techkraft\\server\\node_modules\\jsonwebtoken\\verify.js:101:10)\n    at authMiddleware (C:\\Users\\rahul\\Desktop\\Techkraft\\server\\src\\middleware\\auth.middleware.ts:21:27)\n    at Layer.handleRequest (C:\\Users\\rahul\\Desktop\\Techkraft\\server\\node_modules\\router\\lib\\layer.js:152:17)\n    at next (C:\\Users\\rahul\\Desktop\\Techkraft\\server\\node_modules\\router\\lib\\route.js:157:13)\n    at Route.dispatch (C:\\Users\\rahul\\Desktop\\Techkraft\\server\\node_modules\\router\\lib\\route.js:117:3)\n    at handle (C:\\Users\\rahul\\Desktop\\Techkraft\\server\\node_modules\\router\\index.js:435:11)\n    at Layer.handleRequest (C:\\Users\\rahul\\Desktop\\Techkraft\\server\\node_modules\\router\\lib\\layer.js:152:17)\n    at C:\\Users\\rahul\\Desktop\\Techkraft\\server\\node_modules\\router\\index.js:295:15"}
{"expiredAt":"2026-03-30T10:58:56.000Z","level":"error","message":"Invalid token jwt expired","name":"TokenExpiredError","service":"user-service","stack":"TokenExpiredError: jwt expired\n    at C:\\Users\\rahul\\Desktop\\Techkraft\\server\\node_modules\\jsonwebtoken\\verify.js:190:21\n    at getSecret (C:\\Users\\rahul\\Desktop\\Techkraft\\server\\node_modules\\jsonwebtoken\\verify.js:97:14)\n    at module.exports (C:\\Users\\rahul\\Desktop\\Techkraft\\server\\node_modules\\jsonwebtoken\\verify.js:101:10)\n    at authMiddleware (C:\\Users\\rahul\\Desktop\\Techkraft\\server\\src\\middleware\\auth.middleware.ts:21:27)\n    at Layer.handleRequest (C:\\Users\\rahul\\Desktop\\Techkraft\\server\\node_modules\\router\\lib\\layer.js:152:17)\n    at next (C:\\Users\\rahul\\Desktop\\Techkraft\\server\\node_modules\\router\\lib\\route.js:157:13)\n    at Route.dispatch (C:\\Users\\rahul\\Desktop\\Techkraft\\server\\node_modules\\router\\lib\\route.js:117:3)\n    at handle (C:\\Users\\rahul\\Desktop\\Techkraft\\server\\node_modules\\router\\index.js:435:11)\n    at Layer.handleRequest (C:\\Users\\rahul\\Desktop\\Techkraft\\server\\node_modules\\router\\lib\\layer.js:152:17)\n    at C:\\Users\\rahul\\Desktop\\Techkraft\\server\\node_modules\\router\\index.js:295:15"}
{"expiredAt":"2026-03-30T10:58:56.000Z","level":"error","message":"Invalid token jwt expired","name":"TokenExpiredError","service":"user-service","stack":"TokenExpiredError: jwt expired\n    at C:\\Users\\rahul\\Desktop\\Techkraft\\server\\node_modules\\jsonwebtoken\\verify.js:190:21\n    at getSecret (C:\\Users\\rahul\\Desktop\\Techkraft\\server\\node_modules\\jsonwebtoken\\verify.js:97:14)\n    at module.exports (C:\\Users\\rahul\\Desktop\\Techkraft\\server\\node_modules\\jsonwebtoken\\verify.js:101:10)\n    at authMiddleware (C:\\Users\\rahul\\Desktop\\Techkraft\\server\\src\\middleware\\auth.middleware.ts:21:27)\n    at Layer.handleRequest (C:\\Users\\rahul\\Desktop\\Techkraft\\server\\node_modules\\router\\lib\\layer.js:152:17)\n    at next (C:\\Users\\rahul\\Desktop\\Techkraft\\server\\node_modules\\router\\lib\\route.js:157:13)\n    at Route.dispatch (C:\\Users\\rahul\\Desktop\\Techkraft\\server\\node_modules\\router\\lib\\route.js:117:3)\n    at handle (C:\\Users\\rahul\\Desktop\\Techkraft\\server\\node_modules\\router\\index.js:435:11)\n    at Layer.handleRequest (C:\\Users\\rahul\\Desktop\\Techkraft\\server\\node_modules\\router\\lib\\layer.js:152:17)\n    at C:\\Users\\rahul\\Desktop\\Techkraft\\server\\node_modules\\router\\index.js:295:15"}
{"error":{"statusCode":409},"level":"error","message":"Error saving favorite","service":"user-service"}
{"error":{"statusCode":409},"level":"error","message":"Error saving favorite","service":"user-service"}
{"error":{"statusCode":409},"level":"error","message":"Error saving favorite","service":"user-service"}
{"error":{"statusCode":409},"level":"error","message":"Error saving favorite","service":"user-service"}
{"email":"rahul@gmail.com","level":"error","message":"User already exists","service":"user-service"}
{"error":{"statusCode":409},"level":"error","message":"Error registering user","service":"user-service"}
